<?xml version="1.0" encoding="UTF-8"?>
<!-- Generated by org.testng.reporters.JUnitXMLReporter -->
<testsuite ignored="0" hostname="DESKTOP-9RKLVC8" failures="0" tests="2" name="Default test" time="34.13" errors="0" timestamp="2020-06-28T10:13:07 IST">
  <testcase classname="com.mytravels.pagetest.LoginPageTest" name="verify_loginpage_Title" time="4.292"/>
  <testcase classname="com.mytravels.pagetest.LoginPageTest" name="verify_successful_login" time="9.226"/>
</testsuite> <!-- Default test -->
