<?xml version="1.0" encoding="UTF-8"?>
<!-- Generated by org.testng.reporters.JUnitXMLReporter -->
<testsuite hostname="DESKTOP-HT38EU9" name="Default test" tests="1" failures="0" timestamp="24 Jun 2020 13:04:58 GMT" time="0.416" errors="0">
  <testcase name="@BeforeMethod setUp" time="0.0" classname="com.mytravels.pagetest.HomepagePageTest">
    <failure type="java.lang.StackOverflowError">
      <![CDATA[java.lang.StackOverflowError
	at java.util.Hashtable.<init>(Unknown Source)
	at java.util.Hashtable.<init>(Unknown Source)
	at java.util.Properties.<init>(Unknown Source)
	at java.util.Properties.<init>(Unknown Source)
	at com.mytravels.keyword.Keyword.getParameter(Keyword.java:41)
	at com.mytravels.keyword.Keyword.getParameter(Keyword.java:44)
	at com.mytravels.keyword.Keyword.getParameter(Keyword.java:44)
	at com.mytravels.keyword.Keyword.getParameter(Keyword.java:44)
	at com.mytravels.keyword.Keyword.getParameter(Keyword.java:44)
	at com.mytravels.keyword.Keyword.getParameter(Keyword.java:44)
	at com.mytravels.keyword.Keyword.getParameter(Keyword.java:44)
	at com.mytravels.keyword.Keyword.getParameter(Keyword.java:44)
	at com.mytravels.keyword.Keyword.getParameter(Keyword.java:44)
	at com.mytravels.keyword.Keyword.getParameter(Keyword.java:44)
	at com.mytravels.keyword.Keyword.getParameter(Keyword.java:44)
	at com.mytravels.keyword.Keyword.getParameter(Keyword.java:44)
	at com.mytravels.keyword.Keyword.getParameter(Keyword.java:44)
	at com.mytravels.keyword.Keyword.getParameter(Keyword.java:44)
	at com.mytravels.keyword.Keyword.getParameter(Keyword.java:44)
	at com.mytravels.keyword.Keyword.getParameter(Keyword.java:44)
	at com.mytravels.keyword.Keyword.getParameter(Keyword.java:44)
	at com.mytravels.keyword.Keyword.getParameter(Keyword.java:44)
	at com.mytravels.keyword.Keyword.getParameter(Keyword.java:44)
	at com.mytravels.keyword.Keyword.getParameter(Keyword.java:44)
	at com.mytravels.keyword.Keyword.getParameter(Keyword.java:44)
	at com.mytravels.keyword.Keyword.getParameter(Keyword.java:44)
	at com.mytravels.keyword.Keyword.getParameter(Keyword.java:44)
	at com.mytravels.keyword.Keyword.getParameter(Keyword.java:44)
	at com.mytravels.keyword.Keyword.getParameter(Keyword.java:44)
	at com.mytravels.keyword.Keyword.getParameter(Keyword.java:44)
	at com.mytravels.keyword.Keyword.getParameter(Keyword.java:44)
	at com.mytravels.keyword.Keyword.getParameter(Keyword.java:44)
	at com.mytravels.keyword.Keyword.getParameter(Keyword.java:44)
	at com.mytravels.keyword.Keyword.getParameter(Keyword.java:44)
	at com.mytravels.keyword.Keyword.getParameter(Keyword.java:44)
	at com.mytravels.keyword.Keyword.getParameter(Keyword.java:44)
	at com.mytravels.keyword.Keyword.getParameter(Keyword.java:44)
	at com.mytravels.keyword.Keyword.getParameter(Keyword.java:44)
	at com.mytravels.keyword.Keyword.getParameter(Keyword.java:44)
	at com.mytravels.keyword.Keyword.getParameter(Keyword.java:44)
	at com.mytravels.keyword.Keyword.getParameter(Keyword.java:44)
	at com.mytravels.keyword.Keyword.getParameter(Keyword.java:44)
	at com.mytravels.keyword.Keyword.getParameter(Keyword.java:44)
	at com.mytravels.keyword.Keyword.getParameter(Keyword.java:44)
	at com.mytravels.keyword.Keyword.getParameter(Keyword.java:44)
	at com.mytravels.keyword.Keyword.getParameter(Keyword.java:44)
	at com.mytravels.keyword.Keyword.getParameter(Keyword.java:44)
	at com.mytravels.keyword.Keyword.getParameter(Keyword.java:44)
	at com.mytravels.keyword.Keyword.getParameter(Keyword.java:44)
	at com.mytravels.keyword.Keyword.getParameter(Keyword.java:44)
	at com.mytravels.keyword.Keyword.getParameter(Keyword.java:44)
	at com.mytravels.keyword.Keyword.getParameter(Keyword.java:44)
	at com.mytravels.keyword.Keyword.getParameter(Keyword.java:44)
	at com.mytravels.keyword.Keyword.getParameter(Keyword.java:44)
	at com.mytravels.keyword.Keyword.getParameter(Keyword.java:44)
	at com.mytravels.keyword.Keyword.getParameter(Keyword.java:44)
	at com.mytravels.keyword.Keyword.getParameter(Keyword.java:44)
	at com.mytravels.keyword.Keyword.getParameter(Keyword.java:44)
	at com.mytravels.keyword.Keyword.getParameter(Keyword.java:44)
	at com.mytravels.keyword.Keyword.getParameter(Keyword.java:44)
	at com.mytravels.keyword.Keyword.getParameter(Keyword.java:44)
	at com.mytravels.keyword.Keyword.getParameter(Keyword.java:44)
	at com.mytravels.keyword.Keyword.getParameter(Keyword.java:44)
	at com.mytravels.keyword.Keyword.getParameter(Keyword.java:44)
	at com.mytravels.keyword.Keyword.getParameter(Keyword.java:44)
	at com.mytravels.keyword.Keyword.getParameter(Keyword.java:44)
	at com.mytravels.keyword.Keyword.getParameter(Keyword.java:44)
	at com.mytravels.keyword.Keyword.getParameter(Keyword.java:44)
	at com.mytravels.keyword.Keyword.getParameter(Keyword.java:44)
	at com.mytravels.keyword.Keyword.getParameter(Keyword.java:44)
	at com.mytravels.keyword.Keyword.getParameter(Keyword.java:44)
	at com.mytravels.keyword.Keyword.getParameter(Keyword.java:44)
	at com.mytravels.keyword.Keyword.getParameter(Keyword.java:44)
	at com.mytravels.keyword.Keyword.getParameter(Keyword.java:44)
	at com.mytravels.keyword.Keyword.getParameter(Keyword.java:44)
	at com.mytravels.keyword.Keyword.getParameter(Keyword.java:44)
	at com.mytravels.keyword.Keyword.getParameter(Keyword.java:44)
	at com.mytravels.keyword.Keyword.getParameter(Keyword.java:44)
	at com.mytravels.keyword.Keyword.getParameter(Keyword.java:44)
	at com.mytravels.keyword.Keyword.getParameter(Keyword.java:44)
	at com.mytravels.keyword.Keyword.getParameter(Keyword.java:44)
	at com.mytravels.keyword.Keyword.getParameter(Keyword.java:44)
	at com.mytravels.keyword.Keyword.getParameter(Keyword.java:44)
	at com.mytravels.keyword.Keyword.getParameter(Keyword.java:44)
	at com.mytravels.keyword.Keyword.getParameter(Keyword.java:44)
	at com.mytravels.keyword.Keyword.getParameter(Keyword.java:44)
	at com.mytravels.keyword.Keyword.getParameter(Keyword.java:44)
	at com.mytravels.keyword.Keyword.getParameter(Keyword.java:44)
	at com.mytravels.keyword.Keyword.getParameter(Keyword.java:44)
	at com.mytravels.keyword.Keyword.getParameter(Keyword.java:44)
	at com.mytravels.keyword.Keyword.getParameter(Keyword.java:44)
	at com.mytravels.keyword.Keyword.getParameter(Keyword.java:44)
	at com.mytravels.keyword.Keyword.getParameter(Keyword.java:44)
	at com.mytravels.keyword.Keyword.getParameter(Keyword.java:44)
	at com.mytravels.keyword.Keyword.getParameter(Keyword.java:44)
	at com.mytravels.keyword.Keyword.getParameter(Keyword.java:44)
	at com.mytravels.keyword.Keyword.getParameter(Keyword.java:44)
	at com.mytravels.keyword.Keyword.getParameter(Keyword.java:44)
	at com.mytravels.keyword.Keyword.getParameter(Keyword.java:44)
	at com.mytravels.keyword.Keyword.getParameter(Keyword.java:44)
	at com.mytravels.keyword.Keyword.getParameter(Keyword.java:44)
	at com.mytravels.keyword.Keyword.getParameter(Keyword.java:44)
	at com.mytravels.keyword.Keyword.getParameter(Keyword.java:44)
	at com.mytravels.keyword.Keyword.getParameter(Keyword.java:44)
	at com.mytravels.keyword.Keyword.getParameter(Keyword.java:44)
	at com.mytravels.keyword.Keyword.getParameter(Keyword.java:44)
	at com.mytravels.keyword.Keyword.getParameter(Keyword.java:44)
	at com.mytravels.keyword.Keyword.getParameter(Keyword.java:44)
	at com.mytravels.keyword.Keyword.getParameter(Keyword.java:44)
	at com.mytravels.keyword.Keyword.getParameter(Keyword.java:44)
	at com.mytravels.keyword.Keyword.getParameter(Keyword.java:44)
	at com.mytravels.keyword.Keyword.getParameter(Keyword.java:44)
	at com.mytravels.keyword.Keyword.getParameter(Keyword.java:44)
	at com.mytravels.keyword.Keyword.getParameter(Keyword.java:44)
	at com.mytravels.keyword.Keyword.getParameter(Keyword.java:44)
	at com.mytravels.keyword.Keyword.getParameter(Keyword.java:44)
	at com.mytravels.keyword.Keyword.getParameter(Keyword.java:44)
	at com.mytravels.keyword.Keyword.getParameter(Keyword.java:44)
	at com.mytravels.keyword.Keyword.getParameter(Keyword.java:44)
	at com.mytravels.keyword.Keyword.getParameter(Keyword.java:44)
	at com.mytravels.keyword.Keyword.getParameter(Keyword.java:44)
	at com.mytravels.keyword.Keyword.getParameter(Keyword.java:44)
	at com.mytravels.keyword.Keyword.getParameter(Keyword.java:44)
	at com.mytravels.keyword.Keyword.getParameter(Keyword.java:44)
	at com.mytravels.keyword.Keyword.getParameter(Keyword.java:44)
	at com.mytravels.keyword.Keyword.getParameter(Keyword.java:44)
	at com.mytravels.keyword.Keyword.getParameter(Keyword.java:44)
	at com.mytravels.keyword.Keyword.getParameter(Keyword.java:44)
	at com.mytravels.keyword.Keyword.getParameter(Keyword.java:44)
	at com.mytravels.keyword.Keyword.getParameter(Keyword.java:44)
	at com.mytravels.keyword.Keyword.getParameter(Keyword.java:44)
	at com.mytravels.keyword.Keyword.getParameter(Keyword.java:44)
	at com.mytravels.keyword.Keyword.getParameter(Keyword.java:44)
	at com.mytravels.keyword.Keyword.getParameter(Keyword.java:44)
	at com.mytravels.keyword.Keyword.getParameter(Keyword.java:44)
	at com.mytravels.keyword.Keyword.getParameter(Keyword.java:44)
	at com.mytravels.keyword.Keyword.getParameter(Keyword.java:44)
	at com.mytravels.keyword.Keyword.getParameter(Keyword.java:44)
	at com.mytravels.keyword.Keyword.getParameter(Keyword.java:44)
	at com.mytravels.keyword.Keyword.getParameter(Keyword.java:44)
	at com.mytravels.keyword.Keyword.getParameter(Keyword.java:44)
	at com.mytravels.keyword.Keyword.getParameter(Keyword.java:44)
	at com.mytravels.keyword.Keyword.getParameter(Keyword.java:44)
	at com.mytravels.keyword.Keyword.getParameter(Keyword.java:44)
	at com.mytravels.keyword.Keyword.getParameter(Keyword.java:44)
	at com.mytravels.keyword.Keyword.getParameter(Keyword.java:44)
	at com.mytravels.keyword.Keyword.getParameter(Keyword.java:44)
	at com.mytravels.keyword.Keyword.getParameter(Keyword.java:44)
	at com.mytravels.keyword.Keyword.getParameter(Keyword.java:44)
	at com.mytravels.keyword.Keyword.getParameter(Keyword.java:44)
	at com.mytravels.keyword.Keyword.getParameter(Keyword.java:44)
	at com.mytravels.keyword.Keyword.getParameter(Keyword.java:44)
	at com.mytravels.keyword.Keyword.getParameter(Keyword.java:44)
	at com.mytravels.keyword.Keyword.getParameter(Keyword.java:44)
	at com.mytravels.keyword.Keyword.getParameter(Keyword.java:44)
	at com.mytravels.keyword.Keyword.getParameter(Keyword.java:44)
	at com.mytravels.keyword.Keyword.getParameter(Keyword.java:44)
	at com.mytravels.keyword.Keyword.getParameter(Keyword.java:44)
	at com.mytravels.keyword.Keyword.getParameter(Keyword.java:44)
	at com.mytravels.keyword.Keyword.getParameter(Keyword.java:44)
	at com.mytravels.keyword.Keyword.getParameter(Keyword.java:44)
	at com.mytravels.keyword.Keyword.getParameter(Keyword.java:44)
	at com.mytravels.keyword.Keyword.getParameter(Keyword.java:44)
	at com.mytravels.keyword.Keyword.getParameter(Keyword.java:44)
	at com.mytravels.keyword.Keyword.getParameter(Keyword.java:44)
	at com.mytravels.keyword.Keyword.getParameter(Keyword.java:44)
	at com.mytravels.keyword.Keyword.getParameter(Keyword.java:44)
	at com.mytravels.keyword.Keyword.getParameter(Keyword.java:44)
	at com.mytravels.keyword.Keyword.getParameter(Keyword.java:44)
	at com.mytravels.keyword.Keyword.getParameter(Keyword.java:44)
	at com.mytravels.keyword.Keyword.getParameter(Keyword.java:44)
	at com.mytravels.keyword.Keyword.getParameter(Keyword.java:44)
	at com.mytravels.keyword.Keyword.getParameter(Keyword.java:44)
	at com.mytravels.keyword.Keyword.getParameter(Keyword.java:44)
	at com.mytravels.keyword.Keyword.getParameter(Keyword.java:44)
	at com.mytravels.keyword.Keyword.getParameter(Keyword.java:44)
	at com.mytravels.keyword.Keyword.getParameter(Keyword.java:44)
	at com.mytravels.keyword.Keyword.getParameter(Keyword.java:44)
	at com.mytravels.keyword.Keyword.getParameter(Keyword.java:44)
	at com.mytravels.keyword.Keyword.getParameter(Keyword.java:44)
	at com.mytravels.keyword.Keyword.getParameter(Keyword.java:44)
	at com.mytravels.keyword.Keyword.getParameter(Keyword.java:44)
	at com.mytravels.keyword.Keyword.getParameter(Keyword.java:44)
	at com.mytravels.keyword.Keyword.getParameter(Keyword.java:44)
	at com.mytravels.keyword.Keyword.getParameter(Keyword.java:44)
	at com.mytravels.keyword.Keyword.getParameter(Keyword.java:44)
	at com.mytravels.keyword.Keyword.getParameter(Keyword.java:44)
	at com.mytravels.keyword.Keyword.getParameter(Keyword.java:44)
	at com.mytravels.keyword.Keyword.getParameter(Keyword.java:44)
	at com.mytravels.keyword.Keyword.getParameter(Keyword.java:44)
	at com.mytravels.keyword.Keyword.getParameter(Keyword.java:44)
	at com.mytravels.keyword.Keyword.getParameter(Keyword.java:44)
	at com.mytravels.keyword.Keyword.getParameter(Keyword.java:44)
	at com.mytravels.keyword.Keyword.getParameter(Keyword.java:44)
	at com.mytravels.keyword.Keyword.getParameter(Keyword.java:44)
	at com.mytravels.keyword.Keyword.getParameter(Keyword.java:44)
	at com.mytravels.keyword.Keyword.getParameter(Keyword.java:44)
	at com.mytravels.keyword.Keyword.getParameter(Keyword.java:44)
	at com.mytravels.keyword.Keyword.getParameter(Keyword.java:44)
	at com.mytravels.keyword.Keyword.getParameter(Keyword.java:44)
	at com.mytravels.keyword.Keyword.getParameter(Keyword.java:44)
	at com.mytravels.keyword.Keyword.getParameter(Keyword.java:44)
	at com.mytravels.keyword.Keyword.getParameter(Keyword.java:44)
	at com.mytravels.keyword.Keyword.getParameter(Keyword.java:44)
	at com.mytravels.keyword.Keyword.getParameter(Keyword.java:44)
	at com.mytravels.keyword.Keyword.getParameter(Keyword.java:44)
	at com.mytravels.keyword.Keyword.getParameter(Keyword.java:44)
	at com.mytravels.keyword.Keyword.getParameter(Keyword.java:44)
	at com.mytravels.keyword.Keyword.getParameter(Keyword.java:44)
	at com.mytravels.keyword.Keyword.getParameter(Keyword.java:44)
	at com.mytravels.keyword.Keyword.getParameter(Keyword.java:44)
	at com.mytravels.keyword.Keyword.getParameter(Keyword.java:44)
	at com.mytravels.keyword.Keyword.getParameter(Keyword.java:44)
	at com.mytravels.keyword.Keyword.getParameter(Keyword.java:44)
	at com.mytravels.keyword.Keyword.getParameter(Keyword.java:44)
	at com.mytravels.keyword.Keyword.getParameter(Keyword.java:44)
	at com.mytravels.keyword.Keyword.getParameter(Keyword.java:44)
	at com.mytravels.keyword.Keyword.getParameter(Keyword.java:44)
	at com.mytravels.keyword.Keyword.getParameter(Keyword.java:44)
	at com.mytravels.keyword.Keyword.getParameter(Keyword.java:44)
	at com.mytravels.keyword.Keyword.getParameter(Keyword.java:44)
	at com.mytravels.keyword.Keyword.getParameter(Keyword.java:44)
	at com.mytravels.keyword.Keyword.getParameter(Keyword.java:44)
	at com.mytravels.keyword.Keyword.getParameter(Keyword.java:44)
	at com.mytravels.keyword.Keyword.getParameter(Keyword.java:44)
	at com.mytravels.keyword.Keyword.getParameter(Keyword.java:44)
	at com.mytravels.keyword.Keyword.getParameter(Keyword.java:44)
	at com.mytravels.keyword.Keyword.getParameter(Keyword.java:44)
	at com.mytravels.keyword.Keyword.getParameter(Keyword.java:44)
	at com.mytravels.keyword.Keyword.getParameter(Keyword.java:44)
	at com.mytravels.keyword.Keyword.getParameter(Keyword.java:44)
	at com.mytravels.keyword.Keyword.getParameter(Keyword.java:44)
	at com.mytravels.keyword.Keyword.getParameter(Keyword.java:44)
	at com.mytravels.keyword.Keyword.getParameter(Keyword.java:44)
	at com.mytravels.keyword.Keyword.getParameter(Keyword.java:44)
	at com.mytravels.keyword.Keyword.getParameter(Keyword.java:44)
	at com.mytravels.keyword.Keyword.getParameter(Keyword.java:44)
	at com.mytravels.keyword.Keyword.getParameter(Keyword.java:44)
	at com.mytravels.keyword.Keyword.getParameter(Keyword.java:44)
	at com.mytravels.keyword.Keyword.getParameter(Keyword.java:44)
	at com.mytravels.keyword.Keyword.getParameter(Keyword.java:44)
	at com.mytravels.keyword.Keyword.getParameter(Keyword.java:44)
	at com.mytravels.keyword.Keyword.getParameter(Keyword.java:44)
	at com.mytravels.keyword.Keyword.getParameter(Keyword.java:44)
	at com.mytravels.keyword.Keyword.getParameter(Keyword.java:44)
	at com.mytravels.keyword.Keyword.getParameter(Keyword.java:44)
	at com.mytravels.keyword.Keyword.getParameter(Keyword.java:44)
	at com.mytravels.keyword.Keyword.getParameter(Keyword.java:44)
	at com.mytravels.keyword.Keyword.getParameter(Keyword.java:44)
	at com.mytravels.keyword.Keyword.getParameter(Keyword.java:44)
	at com.mytravels.keyword.Keyword.getParameter(Keyword.java:44)
	at com.mytravels.keyword.Keyword.getParameter(Keyword.java:44)
	at com.mytravels.keyword.Keyword.getParameter(Keyword.java:44)
	at com.mytravels.keyword.Keyword.getParameter(Keyword.java:44)
	at com.mytravels.keyword.Keyword.getParameter(Keyword.java:44)
	at com.mytravels.keyword.Keyword.getParameter(Keyword.java:44)
	at com.mytravels.keyword.Keyword.getParameter(Keyword.java:44)
	at com.mytravels.keyword.Keyword.getParameter(Keyword.java:44)
	at com.mytravels.keyword.Keyword.getParameter(Keyword.java:44)
	at com.mytravels.keyword.Keyword.getParameter(Keyword.java:44)
	at com.mytravels.keyword.Keyword.getParameter(Keyword.java:44)
	at com.mytravels.keyword.Keyword.getParameter(Keyword.java:44)
	at com.mytravels.keyword.Keyword.getParameter(Keyword.java:44)
	at com.mytravels.keyword.Keyword.getParameter(Keyword.java:44)
	at com.mytravels.keyword.Keyword.getParameter(Keyword.java:44)
	at com.mytravels.keyword.Keyword.getParameter(Keyword.java:44)
	at com.mytravels.keyword.Keyword.getParameter(Keyword.java:44)
	at com.mytravels.keyword.Keyword.getParameter(Keyword.java:44)
	at com.mytravels.keyword.Keyword.getParameter(Keyword.java:44)
	at com.mytravels.keyword.Keyword.getParameter(Keyword.java:44)
	at com.mytravels.keyword.Keyword.getParameter(Keyword.java:44)
	at com.mytravels.keyword.Keyword.getParameter(Keyword.java:44)
	at com.mytravels.keyword.Keyword.getParameter(Keyword.java:44)
	at com.mytravels.keyword.Keyword.getParameter(Keyword.java:44)
	at com.mytravels.keyword.Keyword.getParameter(Keyword.java:44)
	at com.mytravels.keyword.Keyword.getParameter(Keyword.java:44)
	at com.mytravels.keyword.Keyword.getParameter(Keyword.java:44)
	at com.mytravels.keyword.Keyword.getParameter(Keyword.java:44)
	at com.mytravels.keyword.Keyword.getParameter(Keyword.java:44)
	at com.mytravels.keyword.Keyword.getParameter(Keyword.java:44)
	at com.mytravels.keyword.Keyword.getParameter(Keyword.java:44)
	at com.mytravels.keyword.Keyword.getParameter(Keyword.java:44)
	at com.mytravels.keyword.Keyword.getParameter(Keyword.java:44)
	at com.mytravels.keyword.Keyword.getParameter(Keyword.java:44)
	at com.mytravels.keyword.Keyword.getParameter(Keyword.java:44)
	at com.mytravels.keyword.Keyword.getParameter(Keyword.java:44)
	at com.mytravels.keyword.Keyword.getParameter(Keyword.java:44)
	at com.mytravels.keyword.Keyword.getParameter(Keyword.java:44)
	at com.mytravels.keyword.Keyword.getParameter(Keyword.java:44)
	at com.mytravels.keyword.Keyword.getParameter(Keyword.java:44)
	at com.mytravels.keyword.Keyword.getParameter(Keyword.java:44)
	at com.mytravels.keyword.Keyword.getParameter(Keyword.java:44)
	at com.mytravels.keyword.Keyword.getParameter(Keyword.java:44)
	at com.mytravels.keyword.Keyword.getParameter(Keyword.java:44)
	at com.mytravels.keyword.Keyword.getParameter(Keyword.java:44)
	at com.mytravels.keyword.Keyword.getParameter(Keyword.java:44)
	at com.mytravels.keyword.Keyword.getParameter(Keyword.java:44)
	at com.mytravels.keyword.Keyword.getParameter(Keyword.java:44)
	at com.mytravels.keyword.Keyword.getParameter(Keyword.java:44)
	at com.mytravels.keyword.Keyword.getParameter(Keyword.java:44)
	at com.mytravels.keyword.Keyword.getParameter(Keyword.java:44)
	at com.mytravels.keyword.Keyword.getParameter(Keyword.java:44)
	at com.mytravels.keyword.Keyword.getParameter(Keyword.java:44)
	at com.mytravels.keyword.Keyword.getParameter(Keyword.java:44)
	at com.mytravels.keyword.Keyword.getParameter(Keyword.java:44)
	at com.mytravels.keyword.Keyword.getParameter(Keyword.java:44)
	at com.mytravels.keyword.Keyword.getParameter(Keyword.java:44)
	at com.mytravels.keyword.Keyword.getParameter(Keyword.java:44)
	at com.mytravels.keyword.Keyword.getParameter(Keyword.java:44)
	at com.mytravels.keyword.Keyword.getParameter(Keyword.java:44)
	at com.mytravels.keyword.Keyword.getParameter(Keyword.java:44)
	at com.mytravels.keyword.Keyword.getParameter(Keyword.java:44)
	at com.mytravels.keyword.Keyword.getParameter(Keyword.java:44)
	at com.mytravels.keyword.Keyword.getParameter(Keyword.java:44)
	at com.mytravels.keyword.Keyword.getParameter(Keyword.java:44)
	at com.mytravels.keyword.Keyword.getParameter(Keyword.java:44)
	at com.mytravels.keyword.Keyword.getParameter(Keyword.java:44)
	at com.mytravels.keyword.Keyword.getParameter(Keyword.java:44)
	at com.mytravels.keyword.Keyword.getParameter(Keyword.java:44)
	at com.mytravels.keyword.Keyword.getParameter(Keyword.java:44)
	at com.mytravels.keyword.Keyword.getParameter(Keyword.java:44)
	at com.mytravels.keyword.Keyword.getParameter(Keyword.java:44)
	at com.mytravels.keyword.Keyword.getParameter(Keyword.java:44)
	at com.mytravels.keyword.Keyword.getParameter(Keyword.java:44)
	at com.mytravels.keyword.Keyword.getParameter(Keyword.java:44)
	at com.mytravels.keyword.Keyword.getParameter(Keyword.java:44)
	at com.mytravels.keyword.Keyword.getParameter(Keyword.java:44)
	at com.mytravels.keyword.Keyword.getParameter(Keyword.java:44)
	at com.mytravels.keyword.Keyword.getParameter(Keyword.java:44)
	at com.mytravels.keyword.Keyword.getParameter(Keyword.java:44)
	at com.mytravels.keyword.Keyword.getParameter(Keyword.java:44)
	at com.mytravels.keyword.Keyword.getParameter(Keyword.java:44)
	at com.mytravels.keyword.Keyword.getParameter(Keyword.java:44)
	at com.mytravels.keyword.Keyword.getParameter(Keyword.java:44)
	at com.mytravels.keyword.Keyword.getParameter(Keyword.java:44)
	at com.mytravels.keyword.Keyword.getParameter(Keyword.java:44)
	at com.mytravels.keyword.Keyword.getParameter(Keyword.java:44)
	at com.mytravels.keyword.Keyword.getParameter(Keyword.java:44)
	at com.mytravels.keyword.Keyword.getParameter(Keyword.java:44)
	at com.mytravels.keyword.Keyword.getParameter(Keyword.java:44)
	at com.mytravels.keyword.Keyword.getParameter(Keyword.java:44)
	at com.mytravels.keyword.Keyword.getParameter(Keyword.java:44)
	at com.mytravels.keyword.Keyword.getParameter(Keyword.java:44)
	at com.mytravels.keyword.Keyword.getParameter(Keyword.java:44)
	at com.mytravels.keyword.Keyword.getParameter(Keyword.java:44)
	at com.mytravels.keyword.Keyword.getParameter(Keyword.java:44)
	at com.mytravels.keyword.Keyword.getParameter(Keyword.java:44)
	at com.mytravels.keyword.Keyword.getParameter(Keyword.java:44)
	at com.mytravels.keyword.Keyword.getParameter(Keyword.java:44)
	at com.mytravels.keyword.Keyword.getParameter(Keyword.java:44)
	at com.mytravels.keyword.Keyword.getParameter(Keyword.java:44)
	at com.mytravels.keyword.Keyword.getParameter(Keyword.java:44)
	at com.mytravels.keyword.Keyword.getParameter(Keyword.java:44)
	at com.mytravels.keyword.Keyword.getParameter(Keyword.java:44)
	at com.mytravels.keyword.Keyword.getParameter(Keyword.java:44)
	at com.mytravels.keyword.Keyword.getParameter(Keyword.java:44)
	at com.mytravels.keyword.Keyword.getParameter(Keyword.java:44)
	at com.mytravels.keyword.Keyword.getParameter(Keyword.java:44)
	at com.mytravels.keyword.Keyword.getParameter(Keyword.java:44)
	at com.mytravels.keyword.Keyword.getParameter(Keyword.java:44)
	at com.mytravels.keyword.Keyword.getParameter(Keyword.java:44)
	at com.mytravels.keyword.Keyword.getParameter(Keyword.java:44)
	at com.mytravels.keyword.Keyword.getParameter(Keyword.java:44)
	at com.mytravels.keyword.Keyword.getParameter(Keyword.java:44)
	at com.mytravels.keyword.Keyword.getParameter(Keyword.java:44)
	at com.mytravels.keyword.Keyword.getParameter(Keyword.java:44)
	at com.mytravels.keyword.Keyword.getParameter(Keyword.java:44)
	at com.mytravels.keyword.Keyword.getParameter(Keyword.java:44)
	at com.mytravels.keyword.Keyword.getParameter(Keyword.java:44)
	at com.mytravels.keyword.Keyword.getParameter(Keyword.java:44)
	at com.mytravels.keyword.Keyword.getParameter(Keyword.java:44)
	at com.mytravels.keyword.Keyword.getParameter(Keyword.java:44)
	at com.mytravels.keyword.Keyword.getParameter(Keyword.java:44)
	at com.mytravels.keyword.Keyword.getParameter(Keyword.java:44)
	at com.mytravels.keyword.Keyword.getParameter(Keyword.java:44)
	at com.mytravels.keyword.Keyword.getParameter(Keyword.java:44)
	at com.mytravels.keyword.Keyword.getParameter(Keyword.java:44)
	at com.mytravels.keyword.Keyword.getParameter(Keyword.java:44)
	at com.mytravels.keyword.Keyword.getParameter(Keyword.java:44)
	at com.mytravels.keyword.Keyword.getParameter(Keyword.java:44)
	at com.mytravels.keyword.Keyword.getParameter(Keyword.java:44)
	at com.mytravels.keyword.Keyword.getParameter(Keyword.java:44)
	at com.mytravels.keyword.Keyword.getParameter(Keyword.java:44)
	at com.mytravels.keyword.Keyword.getParameter(Keyword.java:44)
	at com.mytravels.keyword.Keyword.getParameter(Keyword.java:44)
	at com.mytravels.keyword.Keyword.getParameter(Keyword.java:44)
	at com.mytravels.keyword.Keyword.getParameter(Keyword.java:44)
	at com.mytravels.keyword.Keyword.getParameter(Keyword.java:44)
	at com.mytravels.keyword.Keyword.getParameter(Keyword.java:44)
	at com.mytravels.keyword.Keyword.getParameter(Keyword.java:44)
	at com.mytravels.keyword.Keyword.getParameter(Keyword.java:44)
	at com.mytravels.keyword.Keyword.getParameter(Keyword.java:44)
	at com.mytravels.keyword.Keyword.getParameter(Keyword.java:44)
	at com.mytravels.keyword.Keyword.getParameter(Keyword.java:44)
	at com.mytravels.keyword.Keyword.getParameter(Keyword.java:44)
	at com.mytravels.keyword.Keyword.getParameter(Keyword.java:44)
	at com.mytravels.keyword.Keyword.getParameter(Keyword.java:44)
	at com.mytravels.keyword.Keyword.getParameter(Keyword.java:44)
	at com.mytravels.keyword.Keyword.getParameter(Keyword.java:44)
	at com.mytravels.keyword.Keyword.getParameter(Keyword.java:44)
	at com.mytravels.keyword.Keyword.getParameter(Keyword.java:44)
	at com.mytravels.keyword.Keyword.getParameter(Keyword.java:44)
	at com.mytravels.keyword.Keyword.getParameter(Keyword.java:44)
	at com.mytravels.keyword.Keyword.getParameter(Keyword.java:44)
	at com.mytravels.keyword.Keyword.getParameter(Keyword.java:44)
	at com.mytravels.keyword.Keyword.getParameter(Keyword.java:44)
	at com.mytravels.keyword.Keyword.getParameter(Keyword.java:44)
	at com.mytravels.keyword.Keyword.getParameter(Keyword.java:44)
	at com.mytravels.keyword.Keyword.getParameter(Keyword.java:44)
	at com.mytravels.keyword.Keyword.getParameter(Keyword.java:44)
	at com.mytravels.keyword.Keyword.getParameter(Keyword.java:44)
	at com.mytravels.keyword.Keyword.getParameter(Keyword.java:44)
	at com.mytravels.keyword.Keyword.getParameter(Keyword.java:44)
	at com.mytravels.keyword.Keyword.getParameter(Keyword.java:44)
	at com.mytravels.keyword.Keyword.getParameter(Keyword.java:44)
	at com.mytravels.keyword.Keyword.getParameter(Keyword.java:44)
	at com.mytravels.keyword.Keyword.getParameter(Keyword.java:44)
	at com.mytravels.keyword.Keyword.getParameter(Keyword.java:44)
	at com.mytravels.keyword.Keyword.getParameter(Keyword.java:44)
	at com.mytravels.keyword.Keyword.getParameter(Keyword.java:44)
	at com.mytravels.keyword.Keyword.getParameter(Keyword.java:44)
	at com.mytravels.keyword.Keyword.getParameter(Keyword.java:44)
	at com.mytravels.keyword.Keyword.getParameter(Keyword.java:44)
	at com.mytravels.keyword.Keyword.getParameter(Keyword.java:44)
	at com.mytravels.keyword.Keyword.getParameter(Keyword.java:44)
	at com.mytravels.keyword.Keyword.getParameter(Keyword.java:44)
	at com.mytravels.keyword.Keyword.getParameter(Keyword.java:44)
	at com.mytravels.keyword.Keyword.getParameter(Keyword.java:44)
	at com.mytravels.keyword.Keyword.getParameter(Keyword.java:44)
	at com.mytravels.keyword.Keyword.getParameter(Keyword.java:44)
	at com.mytravels.keyword.Keyword.getParameter(Keyword.java:44)
	at com.mytravels.keyword.Keyword.getParameter(Keyword.java:44)
	at com.mytravels.keyword.Keyword.getParameter(Keyword.java:44)
	at com.mytravels.keyword.Keyword.getParameter(Keyword.java:44)
	at com.mytravels.keyword.Keyword.getParameter(Keyword.java:44)
	at com.mytravels.keyword.Keyword.getParameter(Keyword.java:44)
	at com.mytravels.keyword.Keyword.getParameter(Keyword.java:44)
	at com.mytravels.keyword.Keyword.getParameter(Keyword.java:44)
	at com.mytravels.keyword.Keyword.getParameter(Keyword.java:44)
	at com.mytravels.keyword.Keyword.getParameter(Keyword.java:44)
	at com.mytravels.keyword.Keyword.getParameter(Keyword.java:44)
	at com.mytravels.keyword.Keyword.getParameter(Keyword.java:44)
	at com.mytravels.keyword.Keyword.getParameter(Keyword.java:44)
	at com.mytravels.keyword.Keyword.getParameter(Keyword.java:44)
	at com.mytravels.keyword.Keyword.getParameter(Keyword.java:44)
	at com.mytravels.keyword.Keyword.getParameter(Keyword.java:44)
	at com.mytravels.keyword.Keyword.getParameter(Keyword.java:44)
	at com.mytravels.keyword.Keyword.getParameter(Keyword.java:44)
	at com.mytravels.keyword.Keyword.getParameter(Keyword.java:44)
	at com.mytravels.keyword.Keyword.getParameter(Keyword.java:44)
	at com.mytravels.keyword.Keyword.getParameter(Keyword.java:44)
	at com.mytravels.keyword.Keyword.getParameter(Keyword.java:44)
	at com.mytravels.keyword.Keyword.getParameter(Keyword.java:44)
	at com.mytravels.keyword.Keyword.getParameter(Keyword.java:44)
	at com.mytravels.keyword.Keyword.getParameter(Keyword.java:44)
	at com.mytravels.keyword.Keyword.getParameter(Keyword.java:44)
	at com.mytravels.keyword.Keyword.getParameter(Keyword.java:44)
	at com.mytravels.keyword.Keyword.getParameter(Keyword.java:44)
	at com.mytravels.keyword.Keyword.getParameter(Keyword.java:44)
	at com.mytravels.keyword.Keyword.getParameter(Keyword.java:44)
	at com.mytravels.keyword.Keyword.getParameter(Keyword.java:44)
	at com.mytravels.keyword.Keyword.getParameter(Keyword.java:44)
	at com.mytravels.keyword.Keyword.getParameter(Keyword.java:44)
	at com.mytravels.keyword.Keyword.getParameter(Keyword.java:44)
	at com.mytravels.keyword.Keyword.getParameter(Keyword.java:44)
	at com.mytravels.keyword.Keyword.getParameter(Keyword.java:44)
	at com.mytravels.keyword.Keyword.getParameter(Keyword.java:44)
	at com.mytravels.keyword.Keyword.getParameter(Keyword.java:44)
	at com.mytravels.keyword.Keyword.getParameter(Keyword.java:44)
	at com.mytravels.keyword.Keyword.getParameter(Keyword.java:44)
	at com.mytravels.keyword.Keyword.getParameter(Keyword.java:44)
	at com.mytravels.keyword.Keyword.getParameter(Keyword.java:44)
	at com.mytravels.keyword.Keyword.getParameter(Keyword.java:44)
	at com.mytravels.keyword.Keyword.getParameter(Keyword.java:44)
	at com.mytravels.keyword.Keyword.getParameter(Keyword.java:44)
	at com.mytravels.keyword.Keyword.getParameter(Keyword.java:44)
	at com.mytravels.keyword.Keyword.getParameter(Keyword.java:44)
	at com.mytravels.keyword.Keyword.getParameter(Keyword.java:44)
	at com.mytravels.keyword.Keyword.getParameter(Keyword.java:44)
	at com.mytravels.keyword.Keyword.getParameter(Keyword.java:44)
	at com.mytravels.keyword.Keyword.getParameter(Keyword.java:44)
	at com.mytravels.keyword.Keyword.getParameter(Keyword.java:44)
	at com.mytravels.keyword.Keyword.getParameter(Keyword.java:44)
	at com.mytravels.keyword.Keyword.getParameter(Keyword.java:44)
	at com.mytravels.keyword.Keyword.getParameter(Keyword.java:44)
	at com.mytravels.keyword.Keyword.getParameter(Keyword.java:44)
	at com.mytravels.keyword.Keyword.getParameter(Keyword.java:44)
	at com.mytravels.keyword.Keyword.getParameter(Keyword.java:44)
	at com.mytravels.keyword.Keyword.getParameter(Keyword.java:44)
	at com.mytravels.keyword.Keyword.getParameter(Keyword.java:44)
	at com.mytravels.keyword.Keyword.getParameter(Keyword.java:44)
	at com.mytravels.keyword.Keyword.getParameter(Keyword.java:44)
	at com.mytravels.keyword.Keyword.getParameter(Keyword.java:44)
	at com.mytravels.keyword.Keyword.getParameter(Keyword.java:44)
	at com.mytravels.keyword.Keyword.getParameter(Keyword.java:44)
	at com.mytravels.keyword.Keyword.getParameter(Keyword.java:44)
	at com.mytravels.keyword.Keyword.getParameter(Keyword.java:44)
	at com.mytravels.keyword.Keyword.getParameter(Keyword.java:44)
	at com.mytravels.keyword.Keyword.getParameter(Keyword.java:44)
	at com.mytravels.keyword.Keyword.getParameter(Keyword.java:44)
	at com.mytravels.keyword.Keyword.getParameter(Keyword.java:44)
	at com.mytravels.keyword.Keyword.getParameter(Keyword.java:44)
	at com.mytravels.keyword.Keyword.getParameter(Keyword.java:44)
	at com.mytravels.keyword.Keyword.getParameter(Keyword.java:44)
	at com.mytravels.keyword.Keyword.getParameter(Keyword.java:44)
	at com.mytravels.keyword.Keyword.getParameter(Keyword.java:44)
	at com.mytravels.keyword.Keyword.getParameter(Keyword.java:44)
	at com.mytravels.keyword.Keyword.getParameter(Keyword.java:44)
	at com.mytravels.keyword.Keyword.getParameter(Keyword.java:44)
	at com.mytravels.keyword.Keyword.getParameter(Keyword.java:44)
	at com.mytravels.keyword.Keyword.getParameter(Keyword.java:44)
	at com.mytravels.keyword.Keyword.getParameter(Keyword.java:44)
	at com.mytravels.keyword.Keyword.getParameter(Keyword.java:44)
	at com.mytravels.keyword.Keyword.getParameter(Keyword.java:44)
	at com.mytravels.keyword.Keyword.getParameter(Keyword.java:44)
	at com.mytravels.keyword.Keyword.getParameter(Keyword.java:44)
	at com.mytravels.keyword.Keyword.getParameter(Keyword.java:44)
	at com.mytravels.keyword.Keyword.getParameter(Keyword.java:44)
	at com.mytravels.keyword.Keyword.getParameter(Keyword.java:44)
	at com.mytravels.keyword.Keyword.getParameter(Keyword.java:44)
	at com.mytravels.keyword.Keyword.getParameter(Keyword.java:44)
	at com.mytravels.keyword.Keyword.getParameter(Keyword.java:44)
	at com.mytravels.keyword.Keyword.getParameter(Keyword.java:44)
	at com.mytravels.keyword.Keyword.getParameter(Keyword.java:44)
	at com.mytravels.keyword.Keyword.getParameter(Keyword.java:44)
	at com.mytravels.keyword.Keyword.getParameter(Keyword.java:44)
	at com.mytravels.keyword.Keyword.getParameter(Keyword.java:44)
	at com.mytravels.keyword.Keyword.getParameter(Keyword.java:44)
	at com.mytravels.keyword.Keyword.getParameter(Keyword.java:44)
	at com.mytravels.keyword.Keyword.getParameter(Keyword.java:44)
	at com.mytravels.keyword.Keyword.getParameter(Keyword.java:44)
	at com.mytravels.keyword.Keyword.getParameter(Keyword.java:44)
	at com.mytravels.keyword.Keyword.getParameter(Keyword.java:44)
	at com.mytravels.keyword.Keyword.getParameter(Keyword.java:44)
	at com.mytravels.keyword.Keyword.getParameter(Keyword.java:44)
	at com.mytravels.keyword.Keyword.getParameter(Keyword.java:44)
	at com.mytravels.keyword.Keyword.getParameter(Keyword.java:44)
	at com.mytravels.keyword.Keyword.getParameter(Keyword.java:44)
	at com.mytravels.keyword.Keyword.getParameter(Keyword.java:44)
	at com.mytravels.keyword.Keyword.getParameter(Keyword.java:44)
	at com.mytravels.keyword.Keyword.getParameter(Keyword.java:44)
	at com.mytravels.keyword.Keyword.getParameter(Keyword.java:44)
	at com.mytravels.keyword.Keyword.getParameter(Keyword.java:44)
	at com.mytravels.keyword.Keyword.getParameter(Keyword.java:44)
	at com.mytravels.keyword.Keyword.getParameter(Keyword.java:44)
	at com.mytravels.keyword.Keyword.getParameter(Keyword.java:44)
	at com.mytravels.keyword.Keyword.getParameter(Keyword.java:44)
	at com.mytravels.keyword.Keyword.getParameter(Keyword.java:44)
	at com.mytravels.keyword.Keyword.getParameter(Keyword.java:44)
	at com.mytravels.keyword.Keyword.getParameter(Keyword.java:44)
	at com.mytravels.keyword.Keyword.getParameter(Keyword.java:44)
	at com.mytravels.keyword.Keyword.getParameter(Keyword.java:44)
	at com.mytravels.keyword.Keyword.getParameter(Keyword.java:44)
	at com.mytravels.keyword.Keyword.getParameter(Keyword.java:44)
	at com.mytravels.keyword.Keyword.getParameter(Keyword.java:44)
	at com.mytravels.keyword.Keyword.getParameter(Keyword.java:44)
	at com.mytravels.keyword.Keyword.getParameter(Keyword.java:44)
	at com.mytravels.keyword.Keyword.getParameter(Keyword.java:44)
	at com.mytravels.keyword.Keyword.getParameter(Keyword.java:44)
	at com.mytravels.keyword.Keyword.getParameter(Keyword.java:44)
	at com.mytravels.keyword.Keyword.getParameter(Keyword.java:44)
	at com.mytravels.keyword.Keyword.getParameter(Keyword.java:44)
	at com.mytravels.keyword.Keyword.getParameter(Keyword.java:44)
	at com.mytravels.keyword.Keyword.getParameter(Keyword.java:44)
	at com.mytravels.keyword.Keyword.getParameter(Keyword.java:44)
	at com.mytravels.keyword.Keyword.getParameter(Keyword.java:44)
	at com.mytravels.keyword.Keyword.getParameter(Keyword.java:44)
	at com.mytravels.keyword.Keyword.getParameter(Keyword.java:44)
	at com.mytravels.keyword.Keyword.getParameter(Keyword.java:44)
	at com.mytravels.keyword.Keyword.getParameter(Keyword.java:44)
	at com.mytravels.keyword.Keyword.getParameter(Keyword.java:44)
	at com.mytravels.keyword.Keyword.getParameter(Keyword.java:44)
	at com.mytravels.keyword.Keyword.getParameter(Keyword.java:44)
	at com.mytravels.keyword.Keyword.getParameter(Keyword.java:44)
	at com.mytravels.keyword.Keyword.getParameter(Keyword.java:44)
	at com.mytravels.keyword.Keyword.getParameter(Keyword.java:44)
	at com.mytravels.keyword.Keyword.getParameter(Keyword.java:44)
	at com.mytravels.keyword.Keyword.getParameter(Keyword.java:44)
	at com.mytravels.keyword.Keyword.getParameter(Keyword.java:44)
	at com.mytravels.keyword.Keyword.getParameter(Keyword.java:44)
	at com.mytravels.keyword.Keyword.getParameter(Keyword.java:44)
	at com.mytravels.keyword.Keyword.getParameter(Keyword.java:44)
	at com.mytravels.keyword.Keyword.getParameter(Keyword.java:44)
	at com.mytravels.keyword.Keyword.getParameter(Keyword.java:44)
	at com.mytravels.keyword.Keyword.getParameter(Keyword.java:44)
	at com.mytravels.keyword.Keyword.getParameter(Keyword.java:44)
	at com.mytravels.keyword.Keyword.getParameter(Keyword.java:44)
	at com.mytravels.keyword.Keyword.getParameter(Keyword.java:44)
	at com.mytravels.keyword.Keyword.getParameter(Keyword.java:44)
	at com.mytravels.keyword.Keyword.getParameter(Keyword.java:44)
	at com.mytravels.keyword.Keyword.getParameter(Keyword.java:44)
	at com.mytravels.keyword.Keyword.getParameter(Keyword.java:44)
	at com.mytravels.keyword.Keyword.getParameter(Keyword.java:44)
	at com.mytravels.keyword.Keyword.getParameter(Keyword.java:44)
	at com.mytravels.keyword.Keyword.getParameter(Keyword.java:44)
	at com.mytravels.keyword.Keyword.getParameter(Keyword.java:44)
	at com.mytravels.keyword.Keyword.getParameter(Keyword.java:44)
	at com.mytravels.keyword.Keyword.getParameter(Keyword.java:44)
	at com.mytravels.keyword.Keyword.getParameter(Keyword.java:44)
	at com.mytravels.keyword.Keyword.getParameter(Keyword.java:44)
	at com.mytravels.keyword.Keyword.getParameter(Keyword.java:44)
	at com.mytravels.keyword.Keyword.getParameter(Keyword.java:44)
	at com.mytravels.keyword.Keyword.getParameter(Keyword.java:44)
	at com.mytravels.keyword.Keyword.getParameter(Keyword.java:44)
	at com.mytravels.keyword.Keyword.getParameter(Keyword.java:44)
	at com.mytravels.keyword.Keyword.getParameter(Keyword.java:44)
	at com.mytravels.keyword.Keyword.getParameter(Keyword.java:44)
	at com.mytravels.keyword.Keyword.getParameter(Keyword.java:44)
	at com.mytravels.keyword.Keyword.getParameter(Keyword.java:44)
	at com.mytravels.keyword.Keyword.getParameter(Keyword.java:44)
	at com.mytravels.keyword.Keyword.getParameter(Keyword.java:44)
	at com.mytravels.keyword.Keyword.getParameter(Keyword.java:44)
	at com.mytravels.keyword.Keyword.getParameter(Keyword.java:44)
	at com.mytravels.keyword.Keyword.getParameter(Keyword.java:44)
	at com.mytravels.keyword.Keyword.getParameter(Keyword.java:44)
	at com.mytravels.keyword.Keyword.getParameter(Keyword.java:44)
	at com.mytravels.keyword.Keyword.getParameter(Keyword.java:44)
	at com.mytravels.keyword.Keyword.getParameter(Keyword.java:44)
	at com.mytravels.keyword.Keyword.getParameter(Keyword.java:44)
	at com.mytravels.keyword.Keyword.getParameter(Keyword.java:44)
	at com.mytravels.keyword.Keyword.getParameter(Keyword.java:44)
	at com.mytravels.keyword.Keyword.getParameter(Keyword.java:44)
	at com.mytravels.keyword.Keyword.getParameter(Keyword.java:44)
	at com.mytravels.keyword.Keyword.getParameter(Keyword.java:44)
	at com.mytravels.keyword.Keyword.getParameter(Keyword.java:44)
	at com.mytravels.keyword.Keyword.getParameter(Keyword.java:44)
	at com.mytravels.keyword.Keyword.getParameter(Keyword.java:44)
	at com.mytravels.keyword.Keyword.getParameter(Keyword.java:44)
	at com.mytravels.keyword.Keyword.getParameter(Keyword.java:44)
	at com.mytravels.keyword.Keyword.getParameter(Keyword.java:44)
	at com.mytravels.keyword.Keyword.getParameter(Keyword.java:44)
	at com.mytravels.keyword.Keyword.getParameter(Keyword.java:44)
	at com.mytravels.keyword.Keyword.getParameter(Keyword.java:44)
	at com.mytravels.keyword.Keyword.getParameter(Keyword.java:44)
	at com.mytravels.keyword.Keyword.getParameter(Keyword.java:44)
	at com.mytravels.keyword.Keyword.getParameter(Keyword.java:44)
	at com.mytravels.keyword.Keyword.getParameter(Keyword.java:44)
	at com.mytravels.keyword.Keyword.getParameter(Keyword.java:44)
	at com.mytravels.keyword.Keyword.getParameter(Keyword.java:44)
	at com.mytravels.keyword.Keyword.getParameter(Keyword.java:44)
	at com.mytravels.keyword.Keyword.getParameter(Keyword.java:44)
	at com.mytravels.keyword.Keyword.getParameter(Keyword.java:44)
	at com.mytravels.keyword.Keyword.getParameter(Keyword.java:44)
	at com.mytravels.keyword.Keyword.getParameter(Keyword.java:44)
	at com.mytravels.keyword.Keyword.getParameter(Keyword.java:44)
	at com.mytravels.keyword.Keyword.getParameter(Keyword.java:44)
	at com.mytravels.keyword.Keyword.getParameter(Keyword.java:44)
	at com.mytravels.keyword.Keyword.getParameter(Keyword.java:44)
	at com.mytravels.keyword.Keyword.getParameter(Keyword.java:44)
	at com.mytravels.keyword.Keyword.getParameter(Keyword.java:44)
	at com.mytravels.keyword.Keyword.getParameter(Keyword.java:44)
	at com.mytravels.keyword.Keyword.getParameter(Keyword.java:44)
	at com.mytravels.keyword.Keyword.getParameter(Keyword.java:44)
	at com.mytravels.keyword.Keyword.getParameter(Keyword.java:44)
	at com.mytravels.keyword.Keyword.getParameter(Keyword.java:44)
	at com.mytravels.keyword.Keyword.getParameter(Keyword.java:44)
	at com.mytravels.keyword.Keyword.getParameter(Keyword.java:44)
	at com.mytravels.keyword.Keyword.getParameter(Keyword.java:44)
	at com.mytravels.keyword.Keyword.getParameter(Keyword.java:44)
	at com.mytravels.keyword.Keyword.getParameter(Keyword.java:44)
	at com.mytravels.keyword.Keyword.getParameter(Keyword.java:44)
	at com.mytravels.keyword.Keyword.getParameter(Keyword.java:44)
	at com.mytravels.keyword.Keyword.getParameter(Keyword.java:44)
	at com.mytravels.keyword.Keyword.getParameter(Keyword.java:44)
	at com.mytravels.keyword.Keyword.getParameter(Keyword.java:44)
	at com.mytravels.keyword.Keyword.getParameter(Keyword.java:44)
	at com.mytravels.keyword.Keyword.getParameter(Keyword.java:44)
	at com.mytravels.keyword.Keyword.getParameter(Keyword.java:44)
	at com.mytravels.keyword.Keyword.getParameter(Keyword.java:44)
	at com.mytravels.keyword.Keyword.getParameter(Keyword.java:44)
	at com.mytravels.keyword.Keyword.getParameter(Keyword.java:44)
	at com.mytravels.keyword.Keyword.getParameter(Keyword.java:44)
	at com.mytravels.keyword.Keyword.getParameter(Keyword.java:44)
	at com.mytravels.keyword.Keyword.getParameter(Keyword.java:44)
	at com.mytravels.keyword.Keyword.getParameter(Keyword.java:44)
	at com.mytravels.keyword.Keyword.getParameter(Keyword.java:44)
	at com.mytravels.keyword.Keyword.getParameter(Keyword.java:44)
	at com.mytravels.keyword.Keyword.getParameter(Keyword.java:44)
	at com.mytravels.keyword.Keyword.getParameter(Keyword.java:44)
	at com.mytravels.keyword.Keyword.getParameter(Keyword.java:44)
	at com.mytravels.keyword.Keyword.getParameter(Keyword.java:44)
	at com.mytravels.keyword.Keyword.getParameter(Keyword.java:44)
	at com.mytravels.keyword.Keyword.getParameter(Keyword.java:44)
	at com.mytravels.keyword.Keyword.getParameter(Keyword.java:44)
	at com.mytravels.keyword.Keyword.getParameter(Keyword.java:44)
	at com.mytravels.keyword.Keyword.getParameter(Keyword.java:44)
	at com.mytravels.keyword.Keyword.getParameter(Keyword.java:44)
	at com.mytravels.keyword.Keyword.getParameter(Keyword.java:44)
	at com.mytravels.keyword.Keyword.getParameter(Keyword.java:44)
	at com.mytravels.keyword.Keyword.getParameter(Keyword.java:44)
	at com.mytravels.keyword.Keyword.getParameter(Keyword.java:44)
	at com.mytravels.keyword.Keyword.getParameter(Keyword.java:44)
	at com.mytravels.keyword.Keyword.getParameter(Keyword.java:44)
	at com.mytravels.keyword.Keyword.getParameter(Keyword.java:44)
	at com.mytravels.keyword.Keyword.getParameter(Keyword.java:44)
	at com.mytravels.keyword.Keyword.getParameter(Keyword.java:44)
	at com.mytravels.keyword.Keyword.getParameter(Keyword.java:44)
	at com.mytravels.keyword.Keyword.getParameter(Keyword.java:44)
	at com.mytravels.keyword.Keyword.getParameter(Keyword.java:44)
	at com.mytravels.keyword.Keyword.getParameter(Keyword.java:44)
	at com.mytravels.keyword.Keyword.getParameter(Keyword.java:44)
	at com.mytravels.keyword.Keyword.getParameter(Keyword.java:44)
	at com.mytravels.keyword.Keyword.getParameter(Keyword.java:44)
	at com.mytravels.keyword.Keyword.getParameter(Keyword.java:44)
	at com.mytravels.keyword.Keyword.getParameter(Keyword.java:44)
	at com.mytravels.keyword.Keyword.getParameter(Keyword.java:44)
	at com.mytravels.keyword.Keyword.getParameter(Keyword.java:44)
	at com.mytravels.keyword.Keyword.getParameter(Keyword.java:44)
	at com.mytravels.keyword.Keyword.getParameter(Keyword.java:44)
	at com.mytravels.keyword.Keyword.getParameter(Keyword.java:44)
	at com.mytravels.keyword.Keyword.getParameter(Keyword.java:44)
	at com.mytravels.keyword.Keyword.getParameter(Keyword.java:44)
	at com.mytravels.keyword.Keyword.getParameter(Keyword.java:44)
	at com.mytravels.keyword.Keyword.getParameter(Keyword.java:44)
	at com.mytravels.keyword.Keyword.getParameter(Keyword.java:44)
	at com.mytravels.keyword.Keyword.getParameter(Keyword.java:44)
	at com.mytravels.keyword.Keyword.getParameter(Keyword.java:44)
	at com.mytravels.keyword.Keyword.getParameter(Keyword.java:44)
	at com.mytravels.keyword.Keyword.getParameter(Keyword.java:44)
	at com.mytravels.keyword.Keyword.getParameter(Keyword.java:44)
	at com.mytravels.keyword.Keyword.getParameter(Keyword.java:44)
	at com.mytravels.keyword.Keyword.getParameter(Keyword.java:44)
	at com.mytravels.keyword.Keyword.getParameter(Keyword.java:44)
	at com.mytravels.keyword.Keyword.getParameter(Keyword.java:44)
	at com.mytravels.keyword.Keyword.getParameter(Keyword.java:44)
	at com.mytravels.keyword.Keyword.getParameter(Keyword.java:44)
	at com.mytravels.keyword.Keyword.getParameter(Keyword.java:44)
	at com.mytravels.keyword.Keyword.getParameter(Keyword.java:44)
	at com.mytravels.keyword.Keyword.getParameter(Keyword.java:44)
	at com.mytravels.keyword.Keyword.getParameter(Keyword.java:44)
	at com.mytravels.keyword.Keyword.getParameter(Keyword.java:44)
	at com.mytravels.keyword.Keyword.getParameter(Keyword.java:44)
	at com.mytravels.keyword.Keyword.getParameter(Keyword.java:44)
	at com.mytravels.keyword.Keyword.getParameter(Keyword.java:44)
	at com.mytravels.keyword.Keyword.getParameter(Keyword.java:44)
	at com.mytravels.keyword.Keyword.getParameter(Keyword.java:44)
	at com.mytravels.keyword.Keyword.getParameter(Keyword.java:44)
	at com.mytravels.keyword.Keyword.getParameter(Keyword.java:44)
	at com.mytravels.keyword.Keyword.getParameter(Keyword.java:44)
	at com.mytravels.keyword.Keyword.getParameter(Keyword.java:44)
	at com.mytravels.keyword.Keyword.getParameter(Keyword.java:44)
	at com.mytravels.keyword.Keyword.getParameter(Keyword.java:44)
	at com.mytravels.keyword.Keyword.getParameter(Keyword.java:44)
	at com.mytravels.keyword.Keyword.getParameter(Keyword.java:44)
	at com.mytravels.keyword.Keyword.getParameter(Keyword.java:44)
	at com.mytravels.keyword.Keyword.getParameter(Keyword.java:44)
	at com.mytravels.keyword.Keyword.getParameter(Keyword.java:44)
	at com.mytravels.keyword.Keyword.getParameter(Keyword.java:44)
	at com.mytravels.keyword.Keyword.getParameter(Keyword.java:44)
	at com.mytravels.keyword.Keyword.getParameter(Keyword.java:44)
	at com.mytravels.keyword.Keyword.getParameter(Keyword.java:44)
	at com.mytravels.keyword.Keyword.getParameter(Keyword.java:44)
	at com.mytravels.keyword.Keyword.getParameter(Keyword.java:44)
	at com.mytravels.keyword.Keyword.getParameter(Keyword.java:44)
	at com.mytravels.keyword.Keyword.getParameter(Keyword.java:44)
	at com.mytravels.keyword.Keyword.getParameter(Keyword.java:44)
	at com.mytravels.keyword.Keyword.getParameter(Keyword.java:44)
	at com.mytravels.keyword.Keyword.getParameter(Keyword.java:44)
	at com.mytravels.keyword.Keyword.getParameter(Keyword.java:44)
	at com.mytravels.keyword.Keyword.getParameter(Keyword.java:44)
	at com.mytravels.keyword.Keyword.getParameter(Keyword.java:44)
	at com.mytravels.keyword.Keyword.getParameter(Keyword.java:44)
	at com.mytravels.keyword.Keyword.getParameter(Keyword.java:44)
	at com.mytravels.keyword.Keyword.getParameter(Keyword.java:44)
	at com.mytravels.keyword.Keyword.getParameter(Keyword.java:44)
	at com.mytravels.keyword.Keyword.getParameter(Keyword.java:44)
	at com.mytravels.keyword.Keyword.getParameter(Keyword.java:44)
	at com.mytravels.keyword.Keyword.getParameter(Keyword.java:44)
	at com.mytravels.keyword.Keyword.getParameter(Keyword.java:44)
	at com.mytravels.keyword.Keyword.getParameter(Keyword.java:44)
	at com.mytravels.keyword.Keyword.getParameter(Keyword.java:44)
	at com.mytravels.keyword.Keyword.getParameter(Keyword.java:44)
	at com.mytravels.keyword.Keyword.getParameter(Keyword.java:44)
	at com.mytravels.keyword.Keyword.getParameter(Keyword.java:44)
	at com.mytravels.keyword.Keyword.getParameter(Keyword.java:44)
	at com.mytravels.keyword.Keyword.getParameter(Keyword.java:44)
	at com.mytravels.keyword.Keyword.getParameter(Keyword.java:44)
	at com.mytravels.keyword.Keyword.getParameter(Keyword.java:44)
	at com.mytravels.keyword.Keyword.getParameter(Keyword.java:44)
	at com.mytravels.keyword.Keyword.getParameter(Keyword.java:44)
	at com.mytravels.keyword.Keyword.getParameter(Keyword.java:44)
	at com.mytravels.keyword.Keyword.getParameter(Keyword.java:44)
	at com.mytravels.keyword.Keyword.getParameter(Keyword.java:44)
	at com.mytravels.keyword.Keyword.getParameter(Keyword.java:44)
	at com.mytravels.keyword.Keyword.getParameter(Keyword.java:44)
	at com.mytravels.keyword.Keyword.getParameter(Keyword.java:44)
	at com.mytravels.keyword.Keyword.getParameter(Keyword.java:44)
	at com.mytravels.keyword.Keyword.getParameter(Keyword.java:44)
	at com.mytravels.keyword.Keyword.getParameter(Keyword.java:44)
	at com.mytravels.keyword.Keyword.getParameter(Keyword.java:44)
	at com.mytravels.keyword.Keyword.getParameter(Keyword.java:44)
	at com.mytravels.keyword.Keyword.getParameter(Keyword.java:44)
	at com.mytravels.keyword.Keyword.getParameter(Keyword.java:44)
	at com.mytravels.keyword.Keyword.getParameter(Keyword.java:44)
	at com.mytravels.keyword.Keyword.getParameter(Keyword.java:44)
	at com.mytravels.keyword.Keyword.getParameter(Keyword.java:44)
	at com.mytravels.keyword.Keyword.getParameter(Keyword.java:44)
	at com.mytravels.keyword.Keyword.getParameter(Keyword.java:44)
	at com.mytravels.keyword.Keyword.getParameter(Keyword.java:44)
	at com.mytravels.keyword.Keyword.getParameter(Keyword.java:44)
	at com.mytravels.keyword.Keyword.getParameter(Keyword.java:44)
	at com.mytravels.keyword.Keyword.getParameter(Keyword.java:44)
	at com.mytravels.keyword.Keyword.getParameter(Keyword.java:44)
	at com.mytravels.keyword.Keyword.getParameter(Keyword.java:44)
	at com.mytravels.keyword.Keyword.getParameter(Keyword.java:44)
	at com.mytravels.keyword.Keyword.getParameter(Keyword.java:44)
	at com.mytravels.keyword.Keyword.getParameter(Keyword.java:44)
	at com.mytravels.keyword.Keyword.getParameter(Keyword.java:44)
	at com.mytravels.keyword.Keyword.getParameter(Keyword.java:44)
	at com.mytravels.keyword.Keyword.getParameter(Keyword.java:44)
	at com.mytravels.keyword.Keyword.getParameter(Keyword.java:44)
	at com.mytravels.keyword.Keyword.getParameter(Keyword.java:44)
	at com.mytravels.keyword.Keyword.getParameter(Keyword.java:44)
	at com.mytravels.keyword.Keyword.getParameter(Keyword.java:44)
	at com.mytravels.keyword.Keyword.getParameter(Keyword.java:44)
	at com.mytravels.keyword.Keyword.getParameter(Keyword.java:44)
	at com.mytravels.keyword.Keyword.getParameter(Keyword.java:44)
	at com.mytravels.keyword.Keyword.getParameter(Keyword.java:44)
	at com.mytravels.keyword.Keyword.getParameter(Keyword.java:44)
	at com.mytravels.keyword.Keyword.getParameter(Keyword.java:44)
	at com.mytravels.keyword.Keyword.getParameter(Keyword.java:44)
	at com.mytravels.keyword.Keyword.getParameter(Keyword.java:44)
	at com.mytravels.keyword.Keyword.getParameter(Keyword.java:44)
	at com.mytravels.keyword.Keyword.getParameter(Keyword.java:44)
	at com.mytravels.keyword.Keyword.getParameter(Keyword.java:44)
	at com.mytravels.keyword.Keyword.getParameter(Keyword.java:44)
	at com.mytravels.keyword.Keyword.getParameter(Keyword.java:44)
	at com.mytravels.keyword.Keyword.getParameter(Keyword.java:44)
	at com.mytravels.keyword.Keyword.getParameter(Keyword.java:44)
	at com.mytravels.keyword.Keyword.getParameter(Keyword.java:44)
	at com.mytravels.keyword.Keyword.getParameter(Keyword.java:44)
	at com.mytravels.keyword.Keyword.getParameter(Keyword.java:44)
	at com.mytravels.keyword.Keyword.getParameter(Keyword.java:44)
	at com.mytravels.keyword.Keyword.getParameter(Keyword.java:44)
	at com.mytravels.keyword.Keyword.getParameter(Keyword.java:44)
	at com.mytravels.keyword.Keyword.getParameter(Keyword.java:44)
	at com.mytravels.keyword.Keyword.getParameter(Keyword.java:44)
	at com.mytravels.keyword.Keyword.getParameter(Keyword.java:44)
	at com.mytravels.keyword.Keyword.getParameter(Keyword.java:44)
	at com.mytravels.keyword.Keyword.getParameter(Keyword.java:44)
	at com.mytravels.keyword.Keyword.getParameter(Keyword.java:44)
	at com.mytravels.keyword.Keyword.getParameter(Keyword.java:44)
	at com.mytravels.keyword.Keyword.getParameter(Keyword.java:44)
	at com.mytravels.keyword.Keyword.getParameter(Keyword.java:44)
	at com.mytravels.keyword.Keyword.getParameter(Keyword.java:44)
	at com.mytravels.keyword.Keyword.getParameter(Keyword.java:44)
	at com.mytravels.keyword.Keyword.getParameter(Keyword.java:44)
	at com.mytravels.keyword.Keyword.getParameter(Keyword.java:44)
	at com.mytravels.keyword.Keyword.getParameter(Keyword.java:44)
	at com.mytravels.keyword.Keyword.getParameter(Keyword.java:44)
	at com.mytravels.keyword.Keyword.getParameter(Keyword.java:44)
	at com.mytravels.keyword.Keyword.getParameter(Keyword.java:44)
	at com.mytravels.keyword.Keyword.getParameter(Keyword.java:44)
	at com.mytravels.keyword.Keyword.getParameter(Keyword.java:44)
	at com.mytravels.keyword.Keyword.getParameter(Keyword.java:44)
	at com.mytravels.keyword.Keyword.getParameter(Keyword.java:44)
	at com.mytravels.keyword.Keyword.getParameter(Keyword.java:44)
	at com.mytravels.keyword.Keyword.getParameter(Keyword.java:44)
	at com.mytravels.keyword.Keyword.getParameter(Keyword.java:44)
	at com.mytravels.keyword.Keyword.getParameter(Keyword.java:44)
	at com.mytravels.keyword.Keyword.getParameter(Keyword.java:44)
	at com.mytravels.keyword.Keyword.getParameter(Keyword.java:44)
	at com.mytravels.keyword.Keyword.getParameter(Keyword.java:44)
	at com.mytravels.keyword.Keyword.getParameter(Keyword.java:44)
	at com.mytravels.keyword.Keyword.getParameter(Keyword.java:44)
	at com.mytravels.keyword.Keyword.getParameter(Keyword.java:44)
	at com.mytravels.keyword.Keyword.getParameter(Keyword.java:44)
	at com.mytravels.keyword.Keyword.getParameter(Keyword.java:44)
	at com.mytravels.keyword.Keyword.getParameter(Keyword.java:44)
	at com.mytravels.keyword.Keyword.getParameter(Keyword.java:44)
	at com.mytravels.keyword.Keyword.getParameter(Keyword.java:44)
	at com.mytravels.keyword.Keyword.getParameter(Keyword.java:44)
	at com.mytravels.keyword.Keyword.getParameter(Keyword.java:44)
	at com.mytravels.keyword.Keyword.getParameter(Keyword.java:44)
	at com.mytravels.keyword.Keyword.getParameter(Keyword.java:44)
	at com.mytravels.keyword.Keyword.getParameter(Keyword.java:44)
	at com.mytravels.keyword.Keyword.getParameter(Keyword.java:44)
	at com.mytravels.keyword.Keyword.getParameter(Keyword.java:44)
	at com.mytravels.keyword.Keyword.getParameter(Keyword.java:44)
	at com.mytravels.keyword.Keyword.getParameter(Keyword.java:44)
	at com.mytravels.keyword.Keyword.getParameter(Keyword.java:44)
	at com.mytravels.keyword.Keyword.getParameter(Keyword.java:44)
	at com.mytravels.keyword.Keyword.getParameter(Keyword.java:44)
	at com.mytravels.keyword.Keyword.getParameter(Keyword.java:44)
	at com.mytravels.keyword.Keyword.getParameter(Keyword.java:44)
	at com.mytravels.keyword.Keyword.getParameter(Keyword.java:44)
	at com.mytravels.keyword.Keyword.getParameter(Keyword.java:44)
	at com.mytravels.keyword.Keyword.getParameter(Keyword.java:44)
	at com.mytravels.keyword.Keyword.getParameter(Keyword.java:44)
	at com.mytravels.keyword.Keyword.getParameter(Keyword.java:44)
	at com.mytravels.keyword.Keyword.getParameter(Keyword.java:44)
	at com.mytravels.keyword.Keyword.getParameter(Keyword.java:44)
	at com.mytravels.keyword.Keyword.getParameter(Keyword.java:44)
	at com.mytravels.keyword.Keyword.getParameter(Keyword.java:44)
	at com.mytravels.keyword.Keyword.getParameter(Keyword.java:44)
	at com.mytravels.keyword.Keyword.getParameter(Keyword.java:44)
	at com.mytravels.keyword.Keyword.getParameter(Keyword.java:44)
	at com.mytravels.keyword.Keyword.getParameter(Keyword.java:44)
	at com.mytravels.keyword.Keyword.getParameter(Keyword.java:44)
	at com.mytravels.keyword.Keyword.getParameter(Keyword.java:44)
	at com.mytravels.keyword.Keyword.getParameter(Keyword.java:44)
	at com.mytravels.keyword.Keyword.getParameter(Keyword.java:44)
	at com.mytravels.keyword.Keyword.getParameter(Keyword.java:44)
	at com.mytravels.keyword.Keyword.getParameter(Keyword.java:44)
	at com.mytravels.keyword.Keyword.getParameter(Keyword.java:44)
	at com.mytravels.keyword.Keyword.getParameter(Keyword.java:44)
	at com.mytravels.keyword.Keyword.getParameter(Keyword.java:44)
	at com.mytravels.keyword.Keyword.getParameter(Keyword.java:44)
	at com.mytravels.keyword.Keyword.getParameter(Keyword.java:44)
	at com.mytravels.keyword.Keyword.getParameter(Keyword.java:44)
	at com.mytravels.keyword.Keyword.getParameter(Keyword.java:44)
	at com.mytravels.keyword.Keyword.getParameter(Keyword.java:44)
	at com.mytravels.keyword.Keyword.getParameter(Keyword.java:44)
	at com.mytravels.keyword.Keyword.getParameter(Keyword.java:44)
	at com.mytravels.keyword.Keyword.getParameter(Keyword.java:44)
	at com.mytravels.keyword.Keyword.getParameter(Keyword.java:44)
	at com.mytravels.keyword.Keyword.getParameter(Keyword.java:44)
	at com.mytravels.keyword.Keyword.getParameter(Keyword.java:44)
	at com.mytravels.keyword.Keyword.getParameter(Keyword.java:44)
	at com.mytravels.keyword.Keyword.getParameter(Keyword.java:44)
	at com.mytravels.keyword.Keyword.getParameter(Keyword.java:44)
	at com.mytravels.keyword.Keyword.getParameter(Keyword.java:44)
	at com.mytravels.keyword.Keyword.getParameter(Keyword.java:44)
	at com.mytravels.keyword.Keyword.getParameter(Keyword.java:44)
	at com.mytravels.keyword.Keyword.getParameter(Keyword.java:44)
	at com.mytravels.keyword.Keyword.getParameter(Keyword.java:44)
	at com.mytravels.keyword.Keyword.getParameter(Keyword.java:44)
	at com.mytravels.keyword.Keyword.getParameter(Keyword.java:44)
	at com.mytravels.keyword.Keyword.getParameter(Keyword.java:44)
	at com.mytravels.keyword.Keyword.getParameter(Keyword.java:44)
	at com.mytravels.keyword.Keyword.getParameter(Keyword.java:44)
	at com.mytravels.keyword.Keyword.getParameter(Keyword.java:44)
	at com.mytravels.keyword.Keyword.getParameter(Keyword.java:44)
	at com.mytravels.keyword.Keyword.getParameter(Keyword.java:44)
	at com.mytravels.keyword.Keyword.getParameter(Keyword.java:44)
	at com.mytravels.keyword.Keyword.getParameter(Keyword.java:44)
	at com.mytravels.keyword.Keyword.getParameter(Keyword.java:44)
	at com.mytravels.keyword.Keyword.getParameter(Keyword.java:44)
	at com.mytravels.keyword.Keyword.getParameter(Keyword.java:44)
	at com.mytravels.keyword.Keyword.getParameter(Keyword.java:44)
	at com.mytravels.keyword.Keyword.getParameter(Keyword.java:44)
	at com.mytravels.keyword.Keyword.getParameter(Keyword.java:44)
	at com.mytravels.keyword.Keyword.getParameter(Keyword.java:44)
	at com.mytravels.keyword.Keyword.getParameter(Keyword.java:44)
	at com.mytravels.keyword.Keyword.getParameter(Keyword.java:44)
	at com.mytravels.keyword.Keyword.getParameter(Keyword.java:44)
	at com.mytravels.keyword.Keyword.getParameter(Keyword.java:44)
	at com.mytravels.keyword.Keyword.getParameter(Keyword.java:44)
	at com.mytravels.keyword.Keyword.getParameter(Keyword.java:44)
	at com.mytravels.keyword.Keyword.getParameter(Keyword.java:44)
	at com.mytravels.keyword.Keyword.getParameter(Keyword.java:44)
	at com.mytravels.keyword.Keyword.getParameter(Keyword.java:44)
	at com.mytravels.keyword.Keyword.getParameter(Keyword.java:44)
	at com.mytravels.keyword.Keyword.getParameter(Keyword.java:44)
	at com.mytravels.keyword.Keyword.getParameter(Keyword.java:44)
	at com.mytravels.keyword.Keyword.getParameter(Keyword.java:44)
	at com.mytravels.keyword.Keyword.getParameter(Keyword.java:44)
	at com.mytravels.keyword.Keyword.getParameter(Keyword.java:44)
	at com.mytravels.keyword.Keyword.getParameter(Keyword.java:44)
	at com.mytravels.keyword.Keyword.getParameter(Keyword.java:44)
	at com.mytravels.keyword.Keyword.getParameter(Keyword.java:44)
	at com.mytravels.keyword.Keyword.getParameter(Keyword.java:44)
	at com.mytravels.keyword.Keyword.getParameter(Keyword.java:44)
	at com.mytravels.keyword.Keyword.getParameter(Keyword.java:44)
	at com.mytravels.keyword.Keyword.getParameter(Keyword.java:44)
	at com.mytravels.keyword.Keyword.getParameter(Keyword.java:44)
	at com.mytravels.keyword.Keyword.getParameter(Keyword.java:44)
	at com.mytravels.keyword.Keyword.getParameter(Keyword.java:44)
	at com.mytravels.keyword.Keyword.getParameter(Keyword.java:44)
	at com.mytravels.keyword.Keyword.getParameter(Keyword.java:44)
	at com.mytravels.keyword.Keyword.getParameter(Keyword.java:44)
	at com.mytravels.keyword.Keyword.getParameter(Keyword.java:44)
	at com.mytravels.keyword.Keyword.getParameter(Keyword.java:44)
	at com.mytravels.keyword.Keyword.getParameter(Keyword.java:44)
	at com.mytravels.keyword.Keyword.getParameter(Keyword.java:44)
	at com.mytravels.keyword.Keyword.getParameter(Keyword.java:44)
	at com.mytravels.keyword.Keyword.getParameter(Keyword.java:44)
	at com.mytravels.keyword.Keyword.getParameter(Keyword.java:44)
	at com.mytravels.keyword.Keyword.getParameter(Keyword.java:44)
	at com.mytravels.keyword.Keyword.getParameter(Keyword.java:44)
	at com.mytravels.keyword.Keyword.getParameter(Keyword.java:44)
	at com.mytravels.keyword.Keyword.getParameter(Keyword.java:44)
	at com.mytravels.keyword.Keyword.getParameter(Keyword.java:44)
	at com.mytravels.keyword.Keyword.getParameter(Keyword.java:44)
	at com.mytravels.keyword.Keyword.getParameter(Keyword.java:44)
	at com.mytravels.keyword.Keyword.getParameter(Keyword.java:44)
	at com.mytravels.keyword.Keyword.getParameter(Keyword.java:44)
	at com.mytravels.keyword.Keyword.getParameter(Keyword.java:44)
	at com.mytravels.keyword.Keyword.getParameter(Keyword.java:44)
	at com.mytravels.keyword.Keyword.getParameter(Keyword.java:44)
	at com.mytravels.keyword.Keyword.getParameter(Keyword.java:44)
	at com.mytravels.keyword.Keyword.getParameter(Keyword.java:44)
	at com.mytravels.keyword.Keyword.getParameter(Keyword.java:44)
	at com.mytravels.keyword.Keyword.getParameter(Keyword.java:44)
	at com.mytravels.keyword.Keyword.getParameter(Keyword.java:44)
	at com.mytravels.keyword.Keyword.getParameter(Keyword.java:44)
	at com.mytravels.keyword.Keyword.getParameter(Keyword.java:44)
	at com.mytravels.keyword.Keyword.getParameter(Keyword.java:44)
	at com.mytravels.keyword.Keyword.getParameter(Keyword.java:44)
	at com.mytravels.keyword.Keyword.getParameter(Keyword.java:44)
	at com.mytravels.keyword.Keyword.getParameter(Keyword.java:44)
	at com.mytravels.keyword.Keyword.getParameter(Keyword.java:44)
	at com.mytravels.keyword.Keyword.getParameter(Keyword.java:44)
	at com.mytravels.keyword.Keyword.getParameter(Keyword.java:44)
	at com.mytravels.keyword.Keyword.getParameter(Keyword.java:44)
	at com.mytravels.keyword.Keyword.getParameter(Keyword.java:44)
	at com.mytravels.keyword.Keyword.getParameter(Keyword.java:44)
	at com.mytravels.keyword.Keyword.getParameter(Keyword.java:44)
	at com.mytravels.keyword.Keyword.getParameter(Keyword.java:44)
	at com.mytravels.keyword.Keyword.getParameter(Keyword.java:44)
	at com.mytravels.keyword.Keyword.getParameter(Keyword.java:44)
	at com.mytravels.keyword.Keyword.getParameter(Keyword.java:44)
	at com.mytravels.keyword.Keyword.getParameter(Keyword.java:44)
	at com.mytravels.keyword.Keyword.getParameter(Keyword.java:44)
	at com.mytravels.keyword.Keyword.getParameter(Keyword.java:44)
	at com.mytravels.keyword.Keyword.getParameter(Keyword.java:44)
	at com.mytravels.keyword.Keyword.getParameter(Keyword.java:44)
	at com.mytravels.keyword.Keyword.getParameter(Keyword.java:44)
	at com.mytravels.keyword.Keyword.getParameter(Keyword.java:44)
	at com.mytravels.keyword.Keyword.getParameter(Keyword.java:44)
	at com.mytravels.keyword.Keyword.getParameter(Keyword.java:44)
	at com.mytravels.keyword.Keyword.getParameter(Keyword.java:44)
	at com.mytravels.keyword.Keyword.getParameter(Keyword.java:44)
	at com.mytravels.keyword.Keyword.getParameter(Keyword.java:44)
]]>
    </failure>
  </testcase> <!-- @BeforeMethod setUp -->
  <testcase name="@AfterMethod tearDown" time="0.0" classname="com.mytravels.pagetest.HomepagePageTest">
    <skipped/>
  </testcase> <!-- @AfterMethod tearDown -->
  <testcase name="verify_Homepage_Title" time="0.005" classname="com.mytravels.pagetest.HomepagePageTest">
    <skipped/>
  </testcase> <!-- verify_Homepage_Title -->
</testsuite> <!-- Default test -->
