<?xml version="1.0" encoding="UTF-8"?>
<testng-results skipped="1" failed="0" total="1" passed="0">
  <reporter-output>
  </reporter-output>
  <suite name="Default suite" duration-ms="416" started-at="2020-06-24T13:04:57Z" finished-at="2020-06-24T13:04:58Z">
    <groups>
      <group name="Usability Testing">
        <method signature="HomepagePageTest.verify_Homepage_Title()[pri:0, instance:com.mytravels.pagetest.HomepagePageTest@458c1321]" name="verify_Homepage_Title" class="com.mytravels.pagetest.HomepagePageTest"/>
      </group> <!-- Usability Testing -->
    </groups>
    <test name="Default test" duration-ms="416" started-at="2020-06-24T13:04:57Z" finished-at="2020-06-24T13:04:58Z">
      <class name="com.mytravels.pagetest.HomepagePageTest">
        <test-method status="PASS" signature="extendReportConfig()[pri:0, instance:com.mytravels.pagetest.HomepagePageTest@458c1321]" name="extendReportConfig" is-config="true" duration-ms="309" started-at="2020-06-24T18:34:57Z" finished-at="2020-06-24T18:34:58Z">
          <reporter-output>
          </reporter-output>
        </test-method> <!-- extendReportConfig -->
        <test-method status="FAIL" signature="setUp()[pri:0, instance:com.mytravels.pagetest.HomepagePageTest@458c1321]" name="setUp" is-config="true" duration-ms="0" started-at="2020-06-24T18:34:58Z" finished-at="2020-06-24T18:34:58Z">
          <exception class="java.lang.StackOverflowError">
            <full-stacktrace>
              <![CDATA[java.lang.StackOverflowError
	at java.util.Hashtable.<init>(Unknown Source)
	at java.util.Hashtable.<init>(Unknown Source)
	at java.util.Properties.<init>(Unknown Source)
	at java.util.Properties.<init>(Unknown Source)
	at com.mytravels.keyword.Keyword.getParameter(Keyword.java:41)
	at com.mytravels.keyword.Keyword.getParameter(Keyword.java:44)
	at com.mytravels.keyword.Keyword.getParameter(Keyword.java:44)
	at com.mytravels.keyword.Keyword.getParameter(Keyword.java:44)
	at com.mytravels.keyword.Keyword.getParameter(Keyword.java:44)
	at com.mytravels.keyword.Keyword.getParameter(Keyword.java:44)
	at com.mytravels.keyword.Keyword.getParameter(Keyword.java:44)
	at com.mytravels.keyword.Keyword.getParameter(Keyword.java:44)
	at com.mytravels.keyword.Keyword.getParameter(Keyword.java:44)
	at com.mytravels.keyword.Keyword.getParameter(Keyword.java:44)
	at com.mytravels.keyword.Keyword.getParameter(Keyword.java:44)
	at com.mytravels.keyword.Keyword.getParameter(Keyword.java:44)
	at com.mytravels.keyword.Keyword.getParameter(Keyword.java:44)
	at com.mytravels.keyword.Keyword.getParameter(Keyword.java:44)
	at com.mytravels.keyword.Keyword.getParameter(Keyword.java:44)
	at com.mytravels.keyword.Keyword.getParameter(Keyword.java:44)
	at com.mytravels.keyword.Keyword.getParameter(Keyword.java:44)
	at com.mytravels.keyword.Keyword.getParameter(Keyword.java:44)
	at com.mytravels.keyword.Keyword.getParameter(Keyword.java:44)
	at com.mytravels.keyword.Keyword.getParameter(Keyword.java:44)
	at com.mytravels.keyword.Keyword.getParameter(Keyword.java:44)
	at com.mytravels.keyword.Keyword.getParameter(Keyword.java:44)
	at com.mytravels.keyword.Keyword.getParameter(Keyword.java:44)
	at com.mytravels.keyword.Keyword.getParameter(Keyword.java:44)
	at com.mytravels.keyword.Keyword.getParameter(Keyword.java:44)
	at com.mytravels.keyword.Keyword.getParameter(Keyword.java:44)
	at com.mytravels.keyword.Keyword.getParameter(Keyword.java:44)
	at com.mytravels.keyword.Keyword.getParameter(Keyword.java:44)
	at com.mytravels.keyword.Keyword.getParameter(Keyword.java:44)
	at com.mytravels.keyword.Keyword.getParameter(Keyword.java:44)
	at com.mytravels.keyword.Keyword.getParameter(Keyword.java:44)
	at com.mytravels.keyword.Keyword.getParameter(Keyword.java:44)
	at com.mytravels.keyword.Keyword.getParameter(Keyword.java:44)
	at com.mytravels.keyword.Keyword.getParameter(Keyword.java:44)
	at com.mytravels.keyword.Keyword.getParameter(Keyword.java:44)
	at com.mytravels.keyword.Keyword.getParameter(Keyword.java:44)
	at com.mytravels.keyword.Keyword.getParameter(Keyword.java:44)
	at com.mytravels.keyword.Keyword.getParameter(Keyword.java:44)
	at com.mytravels.keyword.Keyword.getParameter(Keyword.java:44)
	at com.mytravels.keyword.Keyword.getParameter(Keyword.java:44)
	at com.mytravels.keyword.Keyword.getParameter(Keyword.java:44)
	at com.mytravels.keyword.Keyword.getParameter(Keyword.java:44)
	at com.mytravels.keyword.Keyword.getParameter(Keyword.java:44)
	at com.mytravels.keyword.Keyword.getParameter(Keyword.java:44)
	at com.mytravels.keyword.Keyword.getParameter(Keyword.java:44)
	at com.mytravels.keyword.Keyword.getParameter(Keyword.java:44)
	at com.mytravels.keyword.Keyword.getParameter(Keyword.java:44)
	at com.mytravels.keyword.Keyword.getParameter(Keyword.java:44)
	at com.mytravels.keyword.Keyword.getParameter(Keyword.java:44)
	at com.mytravels.keyword.Keyword.getParameter(Keyword.java:44)
	at com.mytravels.keyword.Keyword.getParameter(Keyword.java:44)
	at com.mytravels.keyword.Keyword.getParameter(Keyword.java:44)
	at com.mytravels.keyword.Keyword.getParameter(Keyword.java:44)
	at com.mytravels.keyword.Keyword.getParameter(Keyword.java:44)
	at com.mytravels.keyword.Keyword.getParameter(Keyword.java:44)
	at com.mytravels.keyword.Keyword.getParameter(Keyword.java:44)
	at com.mytravels.keyword.Keyword.getParameter(Keyword.java:44)
	at com.mytravels.keyword.Keyword.getParameter(Keyword.java:44)
	at com.mytravels.keyword.Keyword.getParameter(Keyword.java:44)
	at com.mytravels.keyword.Keyword.getParameter(Keyword.java:44)
	at com.mytravels.keyword.Keyword.getParameter(Keyword.java:44)
	at com.mytravels.keyword.Keyword.getParameter(Keyword.java:44)
	at com.mytravels.keyword.Keyword.getParameter(Keyword.java:44)
	at com.mytravels.keyword.Keyword.getParameter(Keyword.java:44)
	at com.mytravels.keyword.Keyword.getParameter(Keyword.java:44)
	at com.mytravels.keyword.Keyword.getParameter(Keyword.java:44)
	at com.mytravels.keyword.Keyword.getParameter(Keyword.java:44)
	at com.mytravels.keyword.Keyword.getParameter(Keyword.java:44)
	at com.mytravels.keyword.Keyword.getParameter(Keyword.java:44)
	at com.mytravels.keyword.Keyword.getParameter(Keyword.java:44)
	at com.mytravels.keyword.Keyword.getParameter(Keyword.java:44)
	at com.mytravels.keyword.Keyword.getParameter(Keyword.java:44)
	at com.mytravels.keyword.Keyword.getParameter(Keyword.java:44)
	at com.mytravels.keyword.Keyword.getParameter(Keyword.java:44)
	at com.mytravels.keyword.Keyword.getParameter(Keyword.java:44)
	at com.mytravels.keyword.Keyword.getParameter(Keyword.java:44)
	at com.mytravels.keyword.Keyword.getParameter(Keyword.java:44)
	at com.mytravels.keyword.Keyword.getParameter(Keyword.java:44)
	at com.mytravels.keyword.Keyword.getParameter(Keyword.java:44)
	at com.mytravels.keyword.Keyword.getParameter(Keyword.java:44)
	at com.mytravels.keyword.Keyword.getParameter(Keyword.java:44)
	at com.mytravels.keyword.Keyword.getParameter(Keyword.java:44)
	at com.mytravels.keyword.Keyword.getParameter(Keyword.java:44)
	at com.mytravels.keyword.Keyword.getParameter(Keyword.java:44)
	at com.mytravels.keyword.Keyword.getParameter(Keyword.java:44)
	at com.mytravels.keyword.Keyword.getParameter(Keyword.java:44)
	at com.mytravels.keyword.Keyword.getParameter(Keyword.java:44)
	at com.mytravels.keyword.Keyword.getParameter(Keyword.java:44)
	at com.mytravels.keyword.Keyword.getParameter(Keyword.java:44)
	at com.mytravels.keyword.Keyword.getParameter(Keyword.java:44)
	at com.mytravels.keyword.Keyword.getParameter(Keyword.java:44)
	at com.mytravels.keyword.Keyword.getParameter(Keyword.java:44)
	at com.mytravels.keyword.Keyword.getParameter(Keyword.java:44)
	at com.mytravels.keyword.Keyword.getParameter(Keyword.java:44)
	at com.mytravels.keyword.Keyword.getParameter(Keyword.java:44)
	at com.mytravels.keyword.Keyword.getParameter(Keyword.java:44)
	at com.mytravels.keyword.Keyword.getParameter(Keyword.java:44)
	at com.mytravels.keyword.Keyword.getParameter(Keyword.java:44)
	at com.mytravels.keyword.Keyword.getParameter(Keyword.java:44)
	at com.mytravels.keyword.Keyword.getParameter(Keyword.java:44)
	at com.mytravels.keyword.Keyword.getParameter(Keyword.java:44)
	at com.mytravels.keyword.Keyword.getParameter(Keyword.java:44)
	at com.mytravels.keyword.Keyword.getParameter(Keyword.java:44)
	at com.mytravels.keyword.Keyword.getParameter(Keyword.java:44)
	at com.mytravels.keyword.Keyword.getParameter(Keyword.java:44)
	at com.mytravels.keyword.Keyword.getParameter(Keyword.java:44)
	at com.mytravels.keyword.Keyword.getParameter(Keyword.java:44)
	at com.mytravels.keyword.Keyword.getParameter(Keyword.java:44)
	at com.mytravels.keyword.Keyword.getParameter(Keyword.java:44)
	at com.mytravels.keyword.Keyword.getParameter(Keyword.java:44)
	at com.mytravels.keyword.Keyword.getParameter(Keyword.java:44)
	at com.mytravels.keyword.Keyword.getParameter(Keyword.java:44)
	at com.mytravels.keyword.Keyword.getParameter(Keyword.java:44)
	at com.mytravels.keyword.Keyword.getParameter(Keyword.java:44)
	at com.mytravels.keyword.Keyword.getParameter(Keyword.java:44)
	at com.mytravels.keyword.Keyword.getParameter(Keyword.java:44)
	at com.mytravels.keyword.Keyword.getParameter(Keyword.java:44)
	at com.mytravels.keyword.Keyword.getParameter(Keyword.java:44)
	at com.mytravels.keyword.Keyword.getParameter(Keyword.java:44)
	at com.mytravels.keyword.Keyword.getParameter(Keyword.java:44)
	at com.mytravels.keyword.Keyword.getParameter(Keyword.java:44)
	at com.mytravels.keyword.Keyword.getParameter(Keyword.java:44)
	at com.mytravels.keyword.Keyword.getParameter(Keyword.java:44)
	at com.mytravels.keyword.Keyword.getParameter(Keyword.java:44)
	at com.mytravels.keyword.Keyword.getParameter(Keyword.java:44)
	at com.mytravels.keyword.Keyword.getParameter(Keyword.java:44)
	at com.mytravels.keyword.Keyword.getParameter(Keyword.java:44)
	at com.mytravels.keyword.Keyword.getParameter(Keyword.java:44)
	at com.mytravels.keyword.Keyword.getParameter(Keyword.java:44)
	at com.mytravels.keyword.Keyword.getParameter(Keyword.java:44)
	at com.mytravels.keyword.Keyword.getParameter(Keyword.java:44)
	at com.mytravels.keyword.Keyword.getParameter(Keyword.java:44)
	at com.mytravels.keyword.Keyword.getParameter(Keyword.java:44)
	at com.mytravels.keyword.Keyword.getParameter(Keyword.java:44)
	at com.mytravels.keyword.Keyword.getParameter(Keyword.java:44)
	at com.mytravels.keyword.Keyword.getParameter(Keyword.java:44)
	at com.mytravels.keyword.Keyword.getParameter(Keyword.java:44)
	at com.mytravels.keyword.Keyword.getParameter(Keyword.java:44)
	at com.mytravels.keyword.Keyword.getParameter(Keyword.java:44)
	at com.mytravels.keyword.Keyword.getParameter(Keyword.java:44)
	at com.mytravels.keyword.Keyword.getParameter(Keyword.java:44)
	at com.mytravels.keyword.Keyword.getParameter(Keyword.java:44)
	at com.mytravels.keyword.Keyword.getParameter(Keyword.java:44)
	at com.mytravels.keyword.Keyword.getParameter(Keyword.java:44)
	at com.mytravels.keyword.Keyword.getParameter(Keyword.java:44)
	at com.mytravels.keyword.Keyword.getParameter(Keyword.java:44)
	at com.mytravels.keyword.Keyword.getParameter(Keyword.java:44)
	at com.mytravels.keyword.Keyword.getParameter(Keyword.java:44)
	at com.mytravels.keyword.Keyword.getParameter(Keyword.java:44)
	at com.mytravels.keyword.Keyword.getParameter(Keyword.java:44)
	at com.mytravels.keyword.Keyword.getParameter(Keyword.java:44)
	at com.mytravels.keyword.Keyword.getParameter(Keyword.java:44)
	at com.mytravels.keyword.Keyword.getParameter(Keyword.java:44)
	at com.mytravels.keyword.Keyword.getParameter(Keyword.java:44)
	at com.mytravels.keyword.Keyword.getParameter(Keyword.java:44)
	at com.mytravels.keyword.Keyword.getParameter(Keyword.java:44)
	at com.mytravels.keyword.Keyword.getParameter(Keyword.java:44)
	at com.mytravels.keyword.Keyword.getParameter(Keyword.java:44)
	at com.mytravels.keyword.Keyword.getParameter(Keyword.java:44)
	at com.mytravels.keyword.Keyword.getParameter(Keyword.java:44)
	at com.mytravels.keyword.Keyword.getParameter(Keyword.java:44)
	at com.mytravels.keyword.Keyword.getParameter(Keyword.java:44)
	at com.mytravels.keyword.Keyword.getParameter(Keyword.java:44)
	at com.mytravels.keyword.Keyword.getParameter(Keyword.java:44)
	at com.mytravels.keyword.Keyword.getParameter(Keyword.java:44)
	at com.mytravels.keyword.Keyword.getParameter(Keyword.java:44)
	at com.mytravels.keyword.Keyword.getParameter(Keyword.java:44)
	at com.mytravels.keyword.Keyword.getParameter(Keyword.java:44)
	at com.mytravels.keyword.Keyword.getParameter(Keyword.java:44)
	at com.mytravels.keyword.Keyword.getParameter(Keyword.java:44)
	at com.mytravels.keyword.Keyword.getParameter(Keyword.java:44)
	at com.mytravels.keyword.Keyword.getParameter(Keyword.java:44)
	at com.mytravels.keyword.Keyword.getParameter(Keyword.java:44)
	at com.mytravels.keyword.Keyword.getParameter(Keyword.java:44)
	at com.mytravels.keyword.Keyword.getParameter(Keyword.java:44)
	at com.mytravels.keyword.Keyword.getParameter(Keyword.java:44)
	at com.mytravels.keyword.Keyword.getParameter(Keyword.java:44)
	at com.mytravels.keyword.Keyword.getParameter(Keyword.java:44)
	at com.mytravels.keyword.Keyword.getParameter(Keyword.java:44)
	at com.mytravels.keyword.Keyword.getParameter(Keyword.java:44)
	at com.mytravels.keyword.Keyword.getParameter(Keyword.java:44)
	at com.mytravels.keyword.Keyword.getParameter(Keyword.java:44)
	at com.mytravels.keyword.Keyword.getParameter(Keyword.java:44)
	at com.mytravels.keyword.Keyword.getParameter(Keyword.java:44)
	at com.mytravels.keyword.Keyword.getParameter(Keyword.java:44)
	at com.mytravels.keyword.Keyword.getParameter(Keyword.java:44)
	at com.mytravels.keyword.Keyword.getParameter(Keyword.java:44)
	at com.mytravels.keyword.Keyword.getParameter(Keyword.java:44)
	at com.mytravels.keyword.Keyword.getParameter(Keyword.java:44)
	at com.mytravels.keyword.Keyword.getParameter(Keyword.java:44)
	at com.mytravels.keyword.Keyword.getParameter(Keyword.java:44)
	at com.mytravels.keyword.Keyword.getParameter(Keyword.java:44)
	at com.mytravels.keyword.Keyword.getParameter(Keyword.java:44)
	at com.mytravels.keyword.Keyword.getParameter(Keyword.java:44)
	at com.mytravels.keyword.Keyword.getParameter(Keyword.java:44)
	at com.mytravels.keyword.Keyword.getParameter(Keyword.java:44)
	at com.mytravels.keyword.Keyword.getParameter(Keyword.java:44)
	at com.mytravels.keyword.Keyword.getParameter(Keyword.java:44)
	at com.mytravels.keyword.Keyword.getParameter(Keyword.java:44)
	at com.mytravels.keyword.Keyword.getParameter(Keyword.java:44)
	at com.mytravels.keyword.Keyword.getParameter(Keyword.java:44)
	at com.mytravels.keyword.Keyword.getParameter(Keyword.java:44)
	at com.mytravels.keyword.Keyword.getParameter(Keyword.java:44)
	at com.mytravels.keyword.Keyword.getParameter(Keyword.java:44)
	at com.mytravels.keyword.Keyword.getParameter(Keyword.java:44)
	at com.mytravels.keyword.Keyword.getParameter(Keyword.java:44)
	at com.mytravels.keyword.Keyword.getParameter(Keyword.java:44)
	at com.mytravels.keyword.Keyword.getParameter(Keyword.java:44)
	at com.mytravels.keyword.Keyword.getParameter(Keyword.java:44)
	at com.mytravels.keyword.Keyword.getParameter(Keyword.java:44)
	at com.mytravels.keyword.Keyword.getParameter(Keyword.java:44)
	at com.mytravels.keyword.Keyword.getParameter(Keyword.java:44)
	at com.mytravels.keyword.Keyword.getParameter(Keyword.java:44)
	at com.mytravels.keyword.Keyword.getParameter(Keyword.java:44)
	at com.mytravels.keyword.Keyword.getParameter(Keyword.java:44)
	at com.mytravels.keyword.Keyword.getParameter(Keyword.java:44)
	at com.mytravels.keyword.Keyword.getParameter(Keyword.java:44)
	at com.mytravels.keyword.Keyword.getParameter(Keyword.java:44)
	at com.mytravels.keyword.Keyword.getParameter(Keyword.java:44)
	at com.mytravels.keyword.Keyword.getParameter(Keyword.java:44)
	at com.mytravels.keyword.Keyword.getParameter(Keyword.java:44)
	at com.mytravels.keyword.Keyword.getParameter(Keyword.java:44)
	at com.mytravels.keyword.Keyword.getParameter(Keyword.java:44)
	at com.mytravels.keyword.Keyword.getParameter(Keyword.java:44)
	at com.mytravels.keyword.Keyword.getParameter(Keyword.java:44)
	at com.mytravels.keyword.Keyword.getParameter(Keyword.java:44)
	at com.mytravels.keyword.Keyword.getParameter(Keyword.java:44)
	at com.mytravels.keyword.Keyword.getParameter(Keyword.java:44)
	at com.mytravels.keyword.Keyword.getParameter(Keyword.java:44)
	at com.mytravels.keyword.Keyword.getParameter(Keyword.java:44)
	at com.mytravels.keyword.Keyword.getParameter(Keyword.java:44)
	at com.mytravels.keyword.Keyword.getParameter(Keyword.java:44)
	at com.mytravels.keyword.Keyword.getParameter(Keyword.java:44)
	at com.mytravels.keyword.Keyword.getParameter(Keyword.java:44)
	at com.mytravels.keyword.Keyword.getParameter(Keyword.java:44)
	at com.mytravels.keyword.Keyword.getParameter(Keyword.java:44)
	at com.mytravels.keyword.Keyword.getParameter(Keyword.java:44)
	at com.mytravels.keyword.Keyword.getParameter(Keyword.java:44)
	at com.mytravels.keyword.Keyword.getParameter(Keyword.java:44)
	at com.mytravels.keyword.Keyword.getParameter(Keyword.java:44)
	at com.mytravels.keyword.Keyword.getParameter(Keyword.java:44)
	at com.mytravels.keyword.Keyword.getParameter(Keyword.java:44)
	at com.mytravels.keyword.Keyword.getParameter(Keyword.java:44)
	at com.mytravels.keyword.Keyword.getParameter(Keyword.java:44)
	at com.mytravels.keyword.Keyword.getParameter(Keyword.java:44)
	at com.mytravels.keyword.Keyword.getParameter(Keyword.java:44)
	at com.mytravels.keyword.Keyword.getParameter(Keyword.java:44)
	at com.mytravels.keyword.Keyword.getParameter(Keyword.java:44)
	at com.mytravels.keyword.Keyword.getParameter(Keyword.java:44)
	at com.mytravels.keyword.Keyword.getParameter(Keyword.java:44)
	at com.mytravels.keyword.Keyword.getParameter(Keyword.java:44)
	at com.mytravels.keyword.Keyword.getParameter(Keyword.java:44)
	at com.mytravels.keyword.Keyword.getParameter(Keyword.java:44)
	at com.mytravels.keyword.Keyword.getParameter(Keyword.java:44)
	at com.mytravels.keyword.Keyword.getParameter(Keyword.java:44)
	at com.mytravels.keyword.Keyword.getParameter(Keyword.java:44)
	at com.mytravels.keyword.Keyword.getParameter(Keyword.java:44)
	at com.mytravels.keyword.Keyword.getParameter(Keyword.java:44)
	at com.mytravels.keyword.Keyword.getParameter(Keyword.java:44)
	at com.mytravels.keyword.Keyword.getParameter(Keyword.java:44)
	at com.mytravels.keyword.Keyword.getParameter(Keyword.java:44)
	at com.mytravels.keyword.Keyword.getParameter(Keyword.java:44)
	at com.mytravels.keyword.Keyword.getParameter(Keyword.java:44)
	at com.mytravels.keyword.Keyword.getParameter(Keyword.java:44)
	at com.mytravels.keyword.Keyword.getParameter(Keyword.java:44)
	at com.mytravels.keyword.Keyword.getParameter(Keyword.java:44)
	at com.mytravels.keyword.Keyword.getParameter(Keyword.java:44)
	at com.mytravels.keyword.Keyword.getParameter(Keyword.java:44)
	at com.mytravels.keyword.Keyword.getParameter(Keyword.java:44)
	at com.mytravels.keyword.Keyword.getParameter(Keyword.java:44)
	at com.mytravels.keyword.Keyword.getParameter(Keyword.java:44)
	at com.mytravels.keyword.Keyword.getParameter(Keyword.java:44)
	at com.mytravels.keyword.Keyword.getParameter(Keyword.java:44)
	at com.mytravels.keyword.Keyword.getParameter(Keyword.java:44)
	at com.mytravels.keyword.Keyword.getParameter(Keyword.java:44)
	at com.mytravels.keyword.Keyword.getParameter(Keyword.java:44)
	at com.mytravels.keyword.Keyword.getParameter(Keyword.java:44)
	at com.mytravels.keyword.Keyword.getParameter(Keyword.java:44)
	at com.mytravels.keyword.Keyword.getParameter(Keyword.java:44)
	at com.mytravels.keyword.Keyword.getParameter(Keyword.java:44)
	at com.mytravels.keyword.Keyword.getParameter(Keyword.java:44)
	at com.mytravels.keyword.Keyword.getParameter(Keyword.java:44)
	at com.mytravels.keyword.Keyword.getParameter(Keyword.java:44)
	at com.mytravels.keyword.Keyword.getParameter(Keyword.java:44)
	at com.mytravels.keyword.Keyword.getParameter(Keyword.java:44)
	at com.mytravels.keyword.Keyword.getParameter(Keyword.java:44)
	at com.mytravels.keyword.Keyword.getParameter(Keyword.java:44)
	at com.mytravels.keyword.Keyword.getParameter(Keyword.java:44)
	at com.mytravels.keyword.Keyword.getParameter(Keyword.java:44)
	at com.mytravels.keyword.Keyword.getParameter(Keyword.java:44)
	at com.mytravels.keyword.Keyword.getParameter(Keyword.java:44)
	at com.mytravels.keyword.Keyword.getParameter(Keyword.java:44)
	at com.mytravels.keyword.Keyword.getParameter(Keyword.java:44)
	at com.mytravels.keyword.Keyword.getParameter(Keyword.java:44)
	at com.mytravels.keyword.Keyword.getParameter(Keyword.java:44)
	at com.mytravels.keyword.Keyword.getParameter(Keyword.java:44)
	at com.mytravels.keyword.Keyword.getParameter(Keyword.java:44)
	at com.mytravels.keyword.Keyword.getParameter(Keyword.java:44)
	at com.mytravels.keyword.Keyword.getParameter(Keyword.java:44)
	at com.mytravels.keyword.Keyword.getParameter(Keyword.java:44)
	at com.mytravels.keyword.Keyword.getParameter(Keyword.java:44)
	at com.mytravels.keyword.Keyword.getParameter(Keyword.java:44)
	at com.mytravels.keyword.Keyword.getParameter(Keyword.java:44)
	at com.mytravels.keyword.Keyword.getParameter(Keyword.java:44)
	at com.mytravels.keyword.Keyword.getParameter(Keyword.java:44)
	at com.mytravels.keyword.Keyword.getParameter(Keyword.java:44)
	at com.mytravels.keyword.Keyword.getParameter(Keyword.java:44)
	at com.mytravels.keyword.Keyword.getParameter(Keyword.java:44)
	at com.mytravels.keyword.Keyword.getParameter(Keyword.java:44)
	at com.mytravels.keyword.Keyword.getParameter(Keyword.java:44)
	at com.mytravels.keyword.Keyword.getParameter(Keyword.java:44)
	at com.mytravels.keyword.Keyword.getParameter(Keyword.java:44)
	at com.mytravels.keyword.Keyword.getParameter(Keyword.java:44)
	at com.mytravels.keyword.Keyword.getParameter(Keyword.java:44)
	at com.mytravels.keyword.Keyword.getParameter(Keyword.java:44)
	at com.mytravels.keyword.Keyword.getParameter(Keyword.java:44)
	at com.mytravels.keyword.Keyword.getParameter(Keyword.java:44)
	at com.mytravels.keyword.Keyword.getParameter(Keyword.java:44)
	at com.mytravels.keyword.Keyword.getParameter(Keyword.java:44)
	at com.mytravels.keyword.Keyword.getParameter(Keyword.java:44)
	at com.mytravels.keyword.Keyword.getParameter(Keyword.java:44)
	at com.mytravels.keyword.Keyword.getParameter(Keyword.java:44)
	at com.mytravels.keyword.Keyword.getParameter(Keyword.java:44)
	at com.mytravels.keyword.Keyword.getParameter(Keyword.java:44)
	at com.mytravels.keyword.Keyword.getParameter(Keyword.java:44)
	at com.mytravels.keyword.Keyword.getParameter(Keyword.java:44)
	at com.mytravels.keyword.Keyword.getParameter(Keyword.java:44)
	at com.mytravels.keyword.Keyword.getParameter(Keyword.java:44)
	at com.mytravels.keyword.Keyword.getParameter(Keyword.java:44)
	at com.mytravels.keyword.Keyword.getParameter(Keyword.java:44)
	at com.mytravels.keyword.Keyword.getParameter(Keyword.java:44)
	at com.mytravels.keyword.Keyword.getParameter(Keyword.java:44)
	at com.mytravels.keyword.Keyword.getParameter(Keyword.java:44)
	at com.mytravels.keyword.Keyword.getParameter(Keyword.java:44)
	at com.mytravels.keyword.Keyword.getParameter(Keyword.java:44)
	at com.mytravels.keyword.Keyword.getParameter(Keyword.java:44)
	at com.mytravels.keyword.Keyword.getParameter(Keyword.java:44)
	at com.mytravels.keyword.Keyword.getParameter(Keyword.java:44)
	at com.mytravels.keyword.Keyword.getParameter(Keyword.java:44)
	at com.mytravels.keyword.Keyword.getParameter(Keyword.java:44)
	at com.mytravels.keyword.Keyword.getParameter(Keyword.java:44)
	at com.mytravels.keyword.Keyword.getParameter(Keyword.java:44)
	at com.mytravels.keyword.Keyword.getParameter(Keyword.java:44)
	at com.mytravels.keyword.Keyword.getParameter(Keyword.java:44)
	at com.mytravels.keyword.Keyword.getParameter(Keyword.java:44)
	at com.mytravels.keyword.Keyword.getParameter(Keyword.java:44)
	at com.mytravels.keyword.Keyword.getParameter(Keyword.java:44)
	at com.mytravels.keyword.Keyword.getParameter(Keyword.java:44)
	at com.mytravels.keyword.Keyword.getParameter(Keyword.java:44)
	at com.mytravels.keyword.Keyword.getParameter(Keyword.java:44)
	at com.mytravels.keyword.Keyword.getParameter(Keyword.java:44)
	at com.mytravels.keyword.Keyword.getParameter(Keyword.java:44)
	at com.mytravels.keyword.Keyword.getParameter(Keyword.java:44)
	at com.mytravels.keyword.Keyword.getParameter(Keyword.java:44)
	at com.mytravels.keyword.Keyword.getParameter(Keyword.java:44)
	at com.mytravels.keyword.Keyword.getParameter(Keyword.java:44)
	at com.mytravels.keyword.Keyword.getParameter(Keyword.java:44)
	at com.mytravels.keyword.Keyword.getParameter(Keyword.java:44)
	at com.mytravels.keyword.Keyword.getParameter(Keyword.java:44)
	at com.mytravels.keyword.Keyword.getParameter(Keyword.java:44)
	at com.mytravels.keyword.Keyword.getParameter(Keyword.java:44)
	at com.mytravels.keyword.Keyword.getParameter(Keyword.java:44)
	at com.mytravels.keyword.Keyword.getParameter(Keyword.java:44)
	at com.mytravels.keyword.Keyword.getParameter(Keyword.java:44)
	at com.mytravels.keyword.Keyword.getParameter(Keyword.java:44)
	at com.mytravels.keyword.Keyword.getParameter(Keyword.java:44)
	at com.mytravels.keyword.Keyword.getParameter(Keyword.java:44)
	at com.mytravels.keyword.Keyword.getParameter(Keyword.java:44)
	at com.mytravels.keyword.Keyword.getParameter(Keyword.java:44)
	at com.mytravels.keyword.Keyword.getParameter(Keyword.java:44)
	at com.mytravels.keyword.Keyword.getParameter(Keyword.java:44)
	at com.mytravels.keyword.Keyword.getParameter(Keyword.java:44)
	at com.mytravels.keyword.Keyword.getParameter(Keyword.java:44)
	at com.mytravels.keyword.Keyword.getParameter(Keyword.java:44)
	at com.mytravels.keyword.Keyword.getParameter(Keyword.java:44)
	at com.mytravels.keyword.Keyword.getParameter(Keyword.java:44)
	at com.mytravels.keyword.Keyword.getParameter(Keyword.java:44)
	at com.mytravels.keyword.Keyword.getParameter(Keyword.java:44)
	at com.mytravels.keyword.Keyword.getParameter(Keyword.java:44)
	at com.mytravels.keyword.Keyword.getParameter(Keyword.java:44)
	at com.mytravels.keyword.Keyword.getParameter(Keyword.java:44)
	at com.mytravels.keyword.Keyword.getParameter(Keyword.java:44)
	at com.mytravels.keyword.Keyword.getParameter(Keyword.java:44)
	at com.mytravels.keyword.Keyword.getParameter(Keyword.java:44)
	at com.mytravels.keyword.Keyword.getParameter(Keyword.java:44)
	at com.mytravels.keyword.Keyword.getParameter(Keyword.java:44)
	at com.mytravels.keyword.Keyword.getParameter(Keyword.java:44)
	at com.mytravels.keyword.Keyword.getParameter(Keyword.java:44)
	at com.mytravels.keyword.Keyword.getParameter(Keyword.java:44)
	at com.mytravels.keyword.Keyword.getParameter(Keyword.java:44)
	at com.mytravels.keyword.Keyword.getParameter(Keyword.java:44)
	at com.mytravels.keyword.Keyword.getParameter(Keyword.java:44)
	at com.mytravels.keyword.Keyword.getParameter(Keyword.java:44)
	at com.mytravels.keyword.Keyword.getParameter(Keyword.java:44)
	at com.mytravels.keyword.Keyword.getParameter(Keyword.java:44)
	at com.mytravels.keyword.Keyword.getParameter(Keyword.java:44)
	at com.mytravels.keyword.Keyword.getParameter(Keyword.java:44)
	at com.mytravels.keyword.Keyword.getParameter(Keyword.java:44)
	at com.mytravels.keyword.Keyword.getParameter(Keyword.java:44)
	at com.mytravels.keyword.Keyword.getParameter(Keyword.java:44)
	at com.mytravels.keyword.Keyword.getParameter(Keyword.java:44)
	at com.mytravels.keyword.Keyword.getParameter(Keyword.java:44)
	at com.mytravels.keyword.Keyword.getParameter(Keyword.java:44)
	at com.mytravels.keyword.Keyword.getParameter(Keyword.java:44)
	at com.mytravels.keyword.Keyword.getParameter(Keyword.java:44)
	at com.mytravels.keyword.Keyword.getParameter(Keyword.java:44)
	at com.mytravels.keyword.Keyword.getParameter(Keyword.java:44)
	at com.mytravels.keyword.Keyword.getParameter(Keyword.java:44)
	at com.mytravels.keyword.Keyword.getParameter(Keyword.java:44)
	at com.mytravels.keyword.Keyword.getParameter(Keyword.java:44)
	at com.mytravels.keyword.Keyword.getParameter(Keyword.java:44)
	at com.mytravels.keyword.Keyword.getParameter(Keyword.java:44)
	at com.mytravels.keyword.Keyword.getParameter(Keyword.java:44)
	at com.mytravels.keyword.Keyword.getParameter(Keyword.java:44)
	at com.mytravels.keyword.Keyword.getParameter(Keyword.java:44)
	at com.mytravels.keyword.Keyword.getParameter(Keyword.java:44)
	at com.mytravels.keyword.Keyword.getParameter(Keyword.java:44)
	at com.mytravels.keyword.Keyword.getParameter(Keyword.java:44)
	at com.mytravels.keyword.Keyword.getParameter(Keyword.java:44)
	at com.mytravels.keyword.Keyword.getParameter(Keyword.java:44)
	at com.mytravels.keyword.Keyword.getParameter(Keyword.java:44)
	at com.mytravels.keyword.Keyword.getParameter(Keyword.java:44)
	at com.mytravels.keyword.Keyword.getParameter(Keyword.java:44)
	at com.mytravels.keyword.Keyword.getParameter(Keyword.java:44)
	at com.mytravels.keyword.Keyword.getParameter(Keyword.java:44)
	at com.mytravels.keyword.Keyword.getParameter(Keyword.java:44)
	at com.mytravels.keyword.Keyword.getParameter(Keyword.java:44)
	at com.mytravels.keyword.Keyword.getParameter(Keyword.java:44)
	at com.mytravels.keyword.Keyword.getParameter(Keyword.java:44)
	at com.mytravels.keyword.Keyword.getParameter(Keyword.java:44)
	at com.mytravels.keyword.Keyword.getParameter(Keyword.java:44)
	at com.mytravels.keyword.Keyword.getParameter(Keyword.java:44)
	at com.mytravels.keyword.Keyword.getParameter(Keyword.java:44)
	at com.mytravels.keyword.Keyword.getParameter(Keyword.java:44)
	at com.mytravels.keyword.Keyword.getParameter(Keyword.java:44)
	at com.mytravels.keyword.Keyword.getParameter(Keyword.java:44)
	at com.mytravels.keyword.Keyword.getParameter(Keyword.java:44)
	at com.mytravels.keyword.Keyword.getParameter(Keyword.java:44)
	at com.mytravels.keyword.Keyword.getParameter(Keyword.java:44)
	at com.mytravels.keyword.Keyword.getParameter(Keyword.java:44)
	at com.mytravels.keyword.Keyword.getParameter(Keyword.java:44)
	at com.mytravels.keyword.Keyword.getParameter(Keyword.java:44)
	at com.mytravels.keyword.Keyword.getParameter(Keyword.java:44)
	at com.mytravels.keyword.Keyword.getParameter(Keyword.java:44)
	at com.mytravels.keyword.Keyword.getParameter(Keyword.java:44)
	at com.mytravels.keyword.Keyword.getParameter(Keyword.java:44)
	at com.mytravels.keyword.Keyword.getParameter(Keyword.java:44)
	at com.mytravels.keyword.Keyword.getParameter(Keyword.java:44)
	at com.mytravels.keyword.Keyword.getParameter(Keyword.java:44)
	at com.mytravels.keyword.Keyword.getParameter(Keyword.java:44)
	at com.mytravels.keyword.Keyword.getParameter(Keyword.java:44)
	at com.mytravels.keyword.Keyword.getParameter(Keyword.java:44)
	at com.mytravels.keyword.Keyword.getParameter(Keyword.java:44)
	at com.mytravels.keyword.Keyword.getParameter(Keyword.java:44)
	at com.mytravels.keyword.Keyword.getParameter(Keyword.java:44)
	at com.mytravels.keyword.Keyword.getParameter(Keyword.java:44)
	at com.mytravels.keyword.Keyword.getParameter(Keyword.java:44)
	at com.mytravels.keyword.Keyword.getParameter(Keyword.java:44)
	at com.mytravels.keyword.Keyword.getParameter(Keyword.java:44)
	at com.mytravels.keyword.Keyword.getParameter(Keyword.java:44)
	at com.mytravels.keyword.Keyword.getParameter(Keyword.java:44)
	at com.mytravels.keyword.Keyword.getParameter(Keyword.java:44)
	at com.mytravels.keyword.Keyword.getParameter(Keyword.java:44)
	at com.mytravels.keyword.Keyword.getParameter(Keyword.java:44)
	at com.mytravels.keyword.Keyword.getParameter(Keyword.java:44)
	at com.mytravels.keyword.Keyword.getParameter(Keyword.java:44)
	at com.mytravels.keyword.Keyword.getParameter(Keyword.java:44)
	at com.mytravels.keyword.Keyword.getParameter(Keyword.java:44)
	at com.mytravels.keyword.Keyword.getParameter(Keyword.java:44)
	at com.mytravels.keyword.Keyword.getParameter(Keyword.java:44)
	at com.mytravels.keyword.Keyword.getParameter(Keyword.java:44)
	at com.mytravels.keyword.Keyword.getParameter(Keyword.java:44)
	at com.mytravels.keyword.Keyword.getParameter(Keyword.java:44)
	at com.mytravels.keyword.Keyword.getParameter(Keyword.java:44)
	at com.mytravels.keyword.Keyword.getParameter(Keyword.java:44)
	at com.mytravels.keyword.Keyword.getParameter(Keyword.java:44)
	at com.mytravels.keyword.Keyword.getParameter(Keyword.java:44)
	at com.mytravels.keyword.Keyword.getParameter(Keyword.java:44)
	at com.mytravels.keyword.Keyword.getParameter(Keyword.java:44)
	at com.mytravels.keyword.Keyword.getParameter(Keyword.java:44)
	at com.mytravels.keyword.Keyword.getParameter(Keyword.java:44)
	at com.mytravels.keyword.Keyword.getParameter(Keyword.java:44)
	at com.mytravels.keyword.Keyword.getParameter(Keyword.java:44)
	at com.mytravels.keyword.Keyword.getParameter(Keyword.java:44)
	at com.mytravels.keyword.Keyword.getParameter(Keyword.java:44)
	at com.mytravels.keyword.Keyword.getParameter(Keyword.java:44)
	at com.mytravels.keyword.Keyword.getParameter(Keyword.java:44)
	at com.mytravels.keyword.Keyword.getParameter(Keyword.java:44)
	at com.mytravels.keyword.Keyword.getParameter(Keyword.java:44)
	at com.mytravels.keyword.Keyword.getParameter(Keyword.java:44)
	at com.mytravels.keyword.Keyword.getParameter(Keyword.java:44)
	at com.mytravels.keyword.Keyword.getParameter(Keyword.java:44)
	at com.mytravels.keyword.Keyword.getParameter(Keyword.java:44)
	at com.mytravels.keyword.Keyword.getParameter(Keyword.java:44)
	at com.mytravels.keyword.Keyword.getParameter(Keyword.java:44)
	at com.mytravels.keyword.Keyword.getParameter(Keyword.java:44)
	at com.mytravels.keyword.Keyword.getParameter(Keyword.java:44)
	at com.mytravels.keyword.Keyword.getParameter(Keyword.java:44)
	at com.mytravels.keyword.Keyword.getParameter(Keyword.java:44)
	at com.mytravels.keyword.Keyword.getParameter(Keyword.java:44)
	at com.mytravels.keyword.Keyword.getParameter(Keyword.java:44)
	at com.mytravels.keyword.Keyword.getParameter(Keyword.java:44)
	at com.mytravels.keyword.Keyword.getParameter(Keyword.java:44)
	at com.mytravels.keyword.Keyword.getParameter(Keyword.java:44)
	at com.mytravels.keyword.Keyword.getParameter(Keyword.java:44)
	at com.mytravels.keyword.Keyword.getParameter(Keyword.java:44)
	at com.mytravels.keyword.Keyword.getParameter(Keyword.java:44)
	at com.mytravels.keyword.Keyword.getParameter(Keyword.java:44)
	at com.mytravels.keyword.Keyword.getParameter(Keyword.java:44)
	at com.mytravels.keyword.Keyword.getParameter(Keyword.java:44)
	at com.mytravels.keyword.Keyword.getParameter(Keyword.java:44)
	at com.mytravels.keyword.Keyword.getParameter(Keyword.java:44)
	at com.mytravels.keyword.Keyword.getParameter(Keyword.java:44)
	at com.mytravels.keyword.Keyword.getParameter(Keyword.java:44)
	at com.mytravels.keyword.Keyword.getParameter(Keyword.java:44)
	at com.mytravels.keyword.Keyword.getParameter(Keyword.java:44)
	at com.mytravels.keyword.Keyword.getParameter(Keyword.java:44)
	at com.mytravels.keyword.Keyword.getParameter(Keyword.java:44)
	at com.mytravels.keyword.Keyword.getParameter(Keyword.java:44)
	at com.mytravels.keyword.Keyword.getParameter(Keyword.java:44)
	at com.mytravels.keyword.Keyword.getParameter(Keyword.java:44)
	at com.mytravels.keyword.Keyword.getParameter(Keyword.java:44)
	at com.mytravels.keyword.Keyword.getParameter(Keyword.java:44)
	at com.mytravels.keyword.Keyword.getParameter(Keyword.java:44)
	at com.mytravels.keyword.Keyword.getParameter(Keyword.java:44)
	at com.mytravels.keyword.Keyword.getParameter(Keyword.java:44)
	at com.mytravels.keyword.Keyword.getParameter(Keyword.java:44)
	at com.mytravels.keyword.Keyword.getParameter(Keyword.java:44)
	at com.mytravels.keyword.Keyword.getParameter(Keyword.java:44)
	at com.mytravels.keyword.Keyword.getParameter(Keyword.java:44)
	at com.mytravels.keyword.Keyword.getParameter(Keyword.java:44)
	at com.mytravels.keyword.Keyword.getParameter(Keyword.java:44)
	at com.mytravels.keyword.Keyword.getParameter(Keyword.java:44)
	at com.mytravels.keyword.Keyword.getParameter(Keyword.java:44)
	at com.mytravels.keyword.Keyword.getParameter(Keyword.java:44)
	at com.mytravels.keyword.Keyword.getParameter(Keyword.java:44)
	at com.mytravels.keyword.Keyword.getParameter(Keyword.java:44)
	at com.mytravels.keyword.Keyword.getParameter(Keyword.java:44)
	at com.mytravels.keyword.Keyword.getParameter(Keyword.java:44)
	at com.mytravels.keyword.Keyword.getParameter(Keyword.java:44)
	at com.mytravels.keyword.Keyword.getParameter(Keyword.java:44)
	at com.mytravels.keyword.Keyword.getParameter(Keyword.java:44)
	at com.mytravels.keyword.Keyword.getParameter(Keyword.java:44)
	at com.mytravels.keyword.Keyword.getParameter(Keyword.java:44)
	at com.mytravels.keyword.Keyword.getParameter(Keyword.java:44)
	at com.mytravels.keyword.Keyword.getParameter(Keyword.java:44)
	at com.mytravels.keyword.Keyword.getParameter(Keyword.java:44)
	at com.mytravels.keyword.Keyword.getParameter(Keyword.java:44)
	at com.mytravels.keyword.Keyword.getParameter(Keyword.java:44)
	at com.mytravels.keyword.Keyword.getParameter(Keyword.java:44)
	at com.mytravels.keyword.Keyword.getParameter(Keyword.java:44)
	at com.mytravels.keyword.Keyword.getParameter(Keyword.java:44)
	at com.mytravels.keyword.Keyword.getParameter(Keyword.java:44)
	at com.mytravels.keyword.Keyword.getParameter(Keyword.java:44)
	at com.mytravels.keyword.Keyword.getParameter(Keyword.java:44)
	at com.mytravels.keyword.Keyword.getParameter(Keyword.java:44)
	at com.mytravels.keyword.Keyword.getParameter(Keyword.java:44)
	at com.mytravels.keyword.Keyword.getParameter(Keyword.java:44)
	at com.mytravels.keyword.Keyword.getParameter(Keyword.java:44)
	at com.mytravels.keyword.Keyword.getParameter(Keyword.java:44)
	at com.mytravels.keyword.Keyword.getParameter(Keyword.java:44)
	at com.mytravels.keyword.Keyword.getParameter(Keyword.java:44)
	at com.mytravels.keyword.Keyword.getParameter(Keyword.java:44)
	at com.mytravels.keyword.Keyword.getParameter(Keyword.java:44)
	at com.mytravels.keyword.Keyword.getParameter(Keyword.java:44)
	at com.mytravels.keyword.Keyword.getParameter(Keyword.java:44)
	at com.mytravels.keyword.Keyword.getParameter(Keyword.java:44)
	at com.mytravels.keyword.Keyword.getParameter(Keyword.java:44)
	at com.mytravels.keyword.Keyword.getParameter(Keyword.java:44)
	at com.mytravels.keyword.Keyword.getParameter(Keyword.java:44)
	at com.mytravels.keyword.Keyword.getParameter(Keyword.java:44)
	at com.mytravels.keyword.Keyword.getParameter(Keyword.java:44)
	at com.mytravels.keyword.Keyword.getParameter(Keyword.java:44)
	at com.mytravels.keyword.Keyword.getParameter(Keyword.java:44)
	at com.mytravels.keyword.Keyword.getParameter(Keyword.java:44)
	at com.mytravels.keyword.Keyword.getParameter(Keyword.java:44)
	at com.mytravels.keyword.Keyword.getParameter(Keyword.java:44)
	at com.mytravels.keyword.Keyword.getParameter(Keyword.java:44)
	at com.mytravels.keyword.Keyword.getParameter(Keyword.java:44)
	at com.mytravels.keyword.Keyword.getParameter(Keyword.java:44)
	at com.mytravels.keyword.Keyword.getParameter(Keyword.java:44)
	at com.mytravels.keyword.Keyword.getParameter(Keyword.java:44)
	at com.mytravels.keyword.Keyword.getParameter(Keyword.java:44)
	at com.mytravels.keyword.Keyword.getParameter(Keyword.java:44)
	at com.mytravels.keyword.Keyword.getParameter(Keyword.java:44)
	at com.mytravels.keyword.Keyword.getParameter(Keyword.java:44)
	at com.mytravels.keyword.Keyword.getParameter(Keyword.java:44)
	at com.mytravels.keyword.Keyword.getParameter(Keyword.java:44)
	at com.mytravels.keyword.Keyword.getParameter(Keyword.java:44)
	at com.mytravels.keyword.Keyword.getParameter(Keyword.java:44)
	at com.mytravels.keyword.Keyword.getParameter(Keyword.java:44)
	at com.mytravels.keyword.Keyword.getParameter(Keyword.java:44)
	at com.mytravels.keyword.Keyword.getParameter(Keyword.java:44)
	at com.mytravels.keyword.Keyword.getParameter(Keyword.java:44)
	at com.mytravels.keyword.Keyword.getParameter(Keyword.java:44)
	at com.mytravels.keyword.Keyword.getParameter(Keyword.java:44)
	at com.mytravels.keyword.Keyword.getParameter(Keyword.java:44)
	at com.mytravels.keyword.Keyword.getParameter(Keyword.java:44)
	at com.mytravels.keyword.Keyword.getParameter(Keyword.java:44)
	at com.mytravels.keyword.Keyword.getParameter(Keyword.java:44)
	at com.mytravels.keyword.Keyword.getParameter(Keyword.java:44)
	at com.mytravels.keyword.Keyword.getParameter(Keyword.java:44)
	at com.mytravels.keyword.Keyword.getParameter(Keyword.java:44)
	at com.mytravels.keyword.Keyword.getParameter(Keyword.java:44)
	at com.mytravels.keyword.Keyword.getParameter(Keyword.java:44)
	at com.mytravels.keyword.Keyword.getParameter(Keyword.java:44)
	at com.mytravels.keyword.Keyword.getParameter(Keyword.java:44)
	at com.mytravels.keyword.Keyword.getParameter(Keyword.java:44)
	at com.mytravels.keyword.Keyword.getParameter(Keyword.java:44)
	at com.mytravels.keyword.Keyword.getParameter(Keyword.java:44)
	at com.mytravels.keyword.Keyword.getParameter(Keyword.java:44)
	at com.mytravels.keyword.Keyword.getParameter(Keyword.java:44)
	at com.mytravels.keyword.Keyword.getParameter(Keyword.java:44)
	at com.mytravels.keyword.Keyword.getParameter(Keyword.java:44)
	at com.mytravels.keyword.Keyword.getParameter(Keyword.java:44)
	at com.mytravels.keyword.Keyword.getParameter(Keyword.java:44)
	at com.mytravels.keyword.Keyword.getParameter(Keyword.java:44)
	at com.mytravels.keyword.Keyword.getParameter(Keyword.java:44)
	at com.mytravels.keyword.Keyword.getParameter(Keyword.java:44)
	at com.mytravels.keyword.Keyword.getParameter(Keyword.java:44)
	at com.mytravels.keyword.Keyword.getParameter(Keyword.java:44)
	at com.mytravels.keyword.Keyword.getParameter(Keyword.java:44)
	at com.mytravels.keyword.Keyword.getParameter(Keyword.java:44)
	at com.mytravels.keyword.Keyword.getParameter(Keyword.java:44)
	at com.mytravels.keyword.Keyword.getParameter(Keyword.java:44)
	at com.mytravels.keyword.Keyword.getParameter(Keyword.java:44)
	at com.mytravels.keyword.Keyword.getParameter(Keyword.java:44)
	at com.mytravels.keyword.Keyword.getParameter(Keyword.java:44)
	at com.mytravels.keyword.Keyword.getParameter(Keyword.java:44)
	at com.mytravels.keyword.Keyword.getParameter(Keyword.java:44)
	at com.mytravels.keyword.Keyword.getParameter(Keyword.java:44)
	at com.mytravels.keyword.Keyword.getParameter(Keyword.java:44)
	at com.mytravels.keyword.Keyword.getParameter(Keyword.java:44)
	at com.mytravels.keyword.Keyword.getParameter(Keyword.java:44)
	at com.mytravels.keyword.Keyword.getParameter(Keyword.java:44)
	at com.mytravels.keyword.Keyword.getParameter(Keyword.java:44)
	at com.mytravels.keyword.Keyword.getParameter(Keyword.java:44)
	at com.mytravels.keyword.Keyword.getParameter(Keyword.java:44)
	at com.mytravels.keyword.Keyword.getParameter(Keyword.java:44)
	at com.mytravels.keyword.Keyword.getParameter(Keyword.java:44)
	at com.mytravels.keyword.Keyword.getParameter(Keyword.java:44)
	at com.mytravels.keyword.Keyword.getParameter(Keyword.java:44)
	at com.mytravels.keyword.Keyword.getParameter(Keyword.java:44)
	at com.mytravels.keyword.Keyword.getParameter(Keyword.java:44)
	at com.mytravels.keyword.Keyword.getParameter(Keyword.java:44)
	at com.mytravels.keyword.Keyword.getParameter(Keyword.java:44)
	at com.mytravels.keyword.Keyword.getParameter(Keyword.java:44)
	at com.mytravels.keyword.Keyword.getParameter(Keyword.java:44)
	at com.mytravels.keyword.Keyword.getParameter(Keyword.java:44)
	at com.mytravels.keyword.Keyword.getParameter(Keyword.java:44)
	at com.mytravels.keyword.Keyword.getParameter(Keyword.java:44)
	at com.mytravels.keyword.Keyword.getParameter(Keyword.java:44)
	at com.mytravels.keyword.Keyword.getParameter(Keyword.java:44)
	at com.mytravels.keyword.Keyword.getParameter(Keyword.java:44)
	at com.mytravels.keyword.Keyword.getParameter(Keyword.java:44)
	at com.mytravels.keyword.Keyword.getParameter(Keyword.java:44)
	at com.mytravels.keyword.Keyword.getParameter(Keyword.java:44)
	at com.mytravels.keyword.Keyword.getParameter(Keyword.java:44)
	at com.mytravels.keyword.Keyword.getParameter(Keyword.java:44)
	at com.mytravels.keyword.Keyword.getParameter(Keyword.java:44)
	at com.mytravels.keyword.Keyword.getParameter(Keyword.java:44)
	at com.mytravels.keyword.Keyword.getParameter(Keyword.java:44)
	at com.mytravels.keyword.Keyword.getParameter(Keyword.java:44)
	at com.mytravels.keyword.Keyword.getParameter(Keyword.java:44)
	at com.mytravels.keyword.Keyword.getParameter(Keyword.java:44)
	at com.mytravels.keyword.Keyword.getParameter(Keyword.java:44)
	at com.mytravels.keyword.Keyword.getParameter(Keyword.java:44)
	at com.mytravels.keyword.Keyword.getParameter(Keyword.java:44)
	at com.mytravels.keyword.Keyword.getParameter(Keyword.java:44)
	at com.mytravels.keyword.Keyword.getParameter(Keyword.java:44)
	at com.mytravels.keyword.Keyword.getParameter(Keyword.java:44)
	at com.mytravels.keyword.Keyword.getParameter(Keyword.java:44)
	at com.mytravels.keyword.Keyword.getParameter(Keyword.java:44)
	at com.mytravels.keyword.Keyword.getParameter(Keyword.java:44)
	at com.mytravels.keyword.Keyword.getParameter(Keyword.java:44)
	at com.mytravels.keyword.Keyword.getParameter(Keyword.java:44)
	at com.mytravels.keyword.Keyword.getParameter(Keyword.java:44)
	at com.mytravels.keyword.Keyword.getParameter(Keyword.java:44)
	at com.mytravels.keyword.Keyword.getParameter(Keyword.java:44)
	at com.mytravels.keyword.Keyword.getParameter(Keyword.java:44)
	at com.mytravels.keyword.Keyword.getParameter(Keyword.java:44)
	at com.mytravels.keyword.Keyword.getParameter(Keyword.java:44)
	at com.mytravels.keyword.Keyword.getParameter(Keyword.java:44)
	at com.mytravels.keyword.Keyword.getParameter(Keyword.java:44)
	at com.mytravels.keyword.Keyword.getParameter(Keyword.java:44)
	at com.mytravels.keyword.Keyword.getParameter(Keyword.java:44)
	at com.mytravels.keyword.Keyword.getParameter(Keyword.java:44)
	at com.mytravels.keyword.Keyword.getParameter(Keyword.java:44)
	at com.mytravels.keyword.Keyword.getParameter(Keyword.java:44)
	at com.mytravels.keyword.Keyword.getParameter(Keyword.java:44)
	at com.mytravels.keyword.Keyword.getParameter(Keyword.java:44)
	at com.mytravels.keyword.Keyword.getParameter(Keyword.java:44)
	at com.mytravels.keyword.Keyword.getParameter(Keyword.java:44)
	at com.mytravels.keyword.Keyword.getParameter(Keyword.java:44)
	at com.mytravels.keyword.Keyword.getParameter(Keyword.java:44)
	at com.mytravels.keyword.Keyword.getParameter(Keyword.java:44)
	at com.mytravels.keyword.Keyword.getParameter(Keyword.java:44)
	at com.mytravels.keyword.Keyword.getParameter(Keyword.java:44)
	at com.mytravels.keyword.Keyword.getParameter(Keyword.java:44)
	at com.mytravels.keyword.Keyword.getParameter(Keyword.java:44)
	at com.mytravels.keyword.Keyword.getParameter(Keyword.java:44)
	at com.mytravels.keyword.Keyword.getParameter(Keyword.java:44)
	at com.mytravels.keyword.Keyword.getParameter(Keyword.java:44)
	at com.mytravels.keyword.Keyword.getParameter(Keyword.java:44)
	at com.mytravels.keyword.Keyword.getParameter(Keyword.java:44)
	at com.mytravels.keyword.Keyword.getParameter(Keyword.java:44)
	at com.mytravels.keyword.Keyword.getParameter(Keyword.java:44)
	at com.mytravels.keyword.Keyword.getParameter(Keyword.java:44)
	at com.mytravels.keyword.Keyword.getParameter(Keyword.java:44)
	at com.mytravels.keyword.Keyword.getParameter(Keyword.java:44)
	at com.mytravels.keyword.Keyword.getParameter(Keyword.java:44)
	at com.mytravels.keyword.Keyword.getParameter(Keyword.java:44)
	at com.mytravels.keyword.Keyword.getParameter(Keyword.java:44)
	at com.mytravels.keyword.Keyword.getParameter(Keyword.java:44)
	at com.mytravels.keyword.Keyword.getParameter(Keyword.java:44)
	at com.mytravels.keyword.Keyword.getParameter(Keyword.java:44)
	at com.mytravels.keyword.Keyword.getParameter(Keyword.java:44)
	at com.mytravels.keyword.Keyword.getParameter(Keyword.java:44)
	at com.mytravels.keyword.Keyword.getParameter(Keyword.java:44)
	at com.mytravels.keyword.Keyword.getParameter(Keyword.java:44)
	at com.mytravels.keyword.Keyword.getParameter(Keyword.java:44)
	at com.mytravels.keyword.Keyword.getParameter(Keyword.java:44)
	at com.mytravels.keyword.Keyword.getParameter(Keyword.java:44)
	at com.mytravels.keyword.Keyword.getParameter(Keyword.java:44)
	at com.mytravels.keyword.Keyword.getParameter(Keyword.java:44)
	at com.mytravels.keyword.Keyword.getParameter(Keyword.java:44)
	at com.mytravels.keyword.Keyword.getParameter(Keyword.java:44)
	at com.mytravels.keyword.Keyword.getParameter(Keyword.java:44)
	at com.mytravels.keyword.Keyword.getParameter(Keyword.java:44)
	at com.mytravels.keyword.Keyword.getParameter(Keyword.java:44)
	at com.mytravels.keyword.Keyword.getParameter(Keyword.java:44)
	at com.mytravels.keyword.Keyword.getParameter(Keyword.java:44)
	at com.mytravels.keyword.Keyword.getParameter(Keyword.java:44)
	at com.mytravels.keyword.Keyword.getParameter(Keyword.java:44)
	at com.mytravels.keyword.Keyword.getParameter(Keyword.java:44)
	at com.mytravels.keyword.Keyword.getParameter(Keyword.java:44)
	at com.mytravels.keyword.Keyword.getParameter(Keyword.java:44)
	at com.mytravels.keyword.Keyword.getParameter(Keyword.java:44)
	at com.mytravels.keyword.Keyword.getParameter(Keyword.java:44)
	at com.mytravels.keyword.Keyword.getParameter(Keyword.java:44)
	at com.mytravels.keyword.Keyword.getParameter(Keyword.java:44)
	at com.mytravels.keyword.Keyword.getParameter(Keyword.java:44)
	at com.mytravels.keyword.Keyword.getParameter(Keyword.java:44)
	at com.mytravels.keyword.Keyword.getParameter(Keyword.java:44)
	at com.mytravels.keyword.Keyword.getParameter(Keyword.java:44)
	at com.mytravels.keyword.Keyword.getParameter(Keyword.java:44)
	at com.mytravels.keyword.Keyword.getParameter(Keyword.java:44)
	at com.mytravels.keyword.Keyword.getParameter(Keyword.java:44)
	at com.mytravels.keyword.Keyword.getParameter(Keyword.java:44)
	at com.mytravels.keyword.Keyword.getParameter(Keyword.java:44)
	at com.mytravels.keyword.Keyword.getParameter(Keyword.java:44)
	at com.mytravels.keyword.Keyword.getParameter(Keyword.java:44)
	at com.mytravels.keyword.Keyword.getParameter(Keyword.java:44)
	at com.mytravels.keyword.Keyword.getParameter(Keyword.java:44)
	at com.mytravels.keyword.Keyword.getParameter(Keyword.java:44)
	at com.mytravels.keyword.Keyword.getParameter(Keyword.java:44)
	at com.mytravels.keyword.Keyword.getParameter(Keyword.java:44)
	at com.mytravels.keyword.Keyword.getParameter(Keyword.java:44)
	at com.mytravels.keyword.Keyword.getParameter(Keyword.java:44)
	at com.mytravels.keyword.Keyword.getParameter(Keyword.java:44)
	at com.mytravels.keyword.Keyword.getParameter(Keyword.java:44)
	at com.mytravels.keyword.Keyword.getParameter(Keyword.java:44)
	at com.mytravels.keyword.Keyword.getParameter(Keyword.java:44)
	at com.mytravels.keyword.Keyword.getParameter(Keyword.java:44)
	at com.mytravels.keyword.Keyword.getParameter(Keyword.java:44)
	at com.mytravels.keyword.Keyword.getParameter(Keyword.java:44)
	at com.mytravels.keyword.Keyword.getParameter(Keyword.java:44)
	at com.mytravels.keyword.Keyword.getParameter(Keyword.java:44)
	at com.mytravels.keyword.Keyword.getParameter(Keyword.java:44)
	at com.mytravels.keyword.Keyword.getParameter(Keyword.java:44)
	at com.mytravels.keyword.Keyword.getParameter(Keyword.java:44)
	at com.mytravels.keyword.Keyword.getParameter(Keyword.java:44)
	at com.mytravels.keyword.Keyword.getParameter(Keyword.java:44)
	at com.mytravels.keyword.Keyword.getParameter(Keyword.java:44)
	at com.mytravels.keyword.Keyword.getParameter(Keyword.java:44)
	at com.mytravels.keyword.Keyword.getParameter(Keyword.java:44)
	at com.mytravels.keyword.Keyword.getParameter(Keyword.java:44)
	at com.mytravels.keyword.Keyword.getParameter(Keyword.java:44)
	at com.mytravels.keyword.Keyword.getParameter(Keyword.java:44)
	at com.mytravels.keyword.Keyword.getParameter(Keyword.java:44)
	at com.mytravels.keyword.Keyword.getParameter(Keyword.java:44)
	at com.mytravels.keyword.Keyword.getParameter(Keyword.java:44)
	at com.mytravels.keyword.Keyword.getParameter(Keyword.java:44)
	at com.mytravels.keyword.Keyword.getParameter(Keyword.java:44)
	at com.mytravels.keyword.Keyword.getParameter(Keyword.java:44)
	at com.mytravels.keyword.Keyword.getParameter(Keyword.java:44)
	at com.mytravels.keyword.Keyword.getParameter(Keyword.java:44)
	at com.mytravels.keyword.Keyword.getParameter(Keyword.java:44)
	at com.mytravels.keyword.Keyword.getParameter(Keyword.java:44)
	at com.mytravels.keyword.Keyword.getParameter(Keyword.java:44)
	at com.mytravels.keyword.Keyword.getParameter(Keyword.java:44)
	at com.mytravels.keyword.Keyword.getParameter(Keyword.java:44)
	at com.mytravels.keyword.Keyword.getParameter(Keyword.java:44)
	at com.mytravels.keyword.Keyword.getParameter(Keyword.java:44)
	at com.mytravels.keyword.Keyword.getParameter(Keyword.java:44)
	at com.mytravels.keyword.Keyword.getParameter(Keyword.java:44)
	at com.mytravels.keyword.Keyword.getParameter(Keyword.java:44)
	at com.mytravels.keyword.Keyword.getParameter(Keyword.java:44)
	at com.mytravels.keyword.Keyword.getParameter(Keyword.java:44)
	at com.mytravels.keyword.Keyword.getParameter(Keyword.java:44)
	at com.mytravels.keyword.Keyword.getParameter(Keyword.java:44)
	at com.mytravels.keyword.Keyword.getParameter(Keyword.java:44)
	at com.mytravels.keyword.Keyword.getParameter(Keyword.java:44)
	at com.mytravels.keyword.Keyword.getParameter(Keyword.java:44)
	at com.mytravels.keyword.Keyword.getParameter(Keyword.java:44)
	at com.mytravels.keyword.Keyword.getParameter(Keyword.java:44)
	at com.mytravels.keyword.Keyword.getParameter(Keyword.java:44)
	at com.mytravels.keyword.Keyword.getParameter(Keyword.java:44)
	at com.mytravels.keyword.Keyword.getParameter(Keyword.java:44)
	at com.mytravels.keyword.Keyword.getParameter(Keyword.java:44)
	at com.mytravels.keyword.Keyword.getParameter(Keyword.java:44)
	at com.mytravels.keyword.Keyword.getParameter(Keyword.java:44)
	at com.mytravels.keyword.Keyword.getParameter(Keyword.java:44)
	at com.mytravels.keyword.Keyword.getParameter(Keyword.java:44)
	at com.mytravels.keyword.Keyword.getParameter(Keyword.java:44)
	at com.mytravels.keyword.Keyword.getParameter(Keyword.java:44)
	at com.mytravels.keyword.Keyword.getParameter(Keyword.java:44)
	at com.mytravels.keyword.Keyword.getParameter(Keyword.java:44)
	at com.mytravels.keyword.Keyword.getParameter(Keyword.java:44)
	at com.mytravels.keyword.Keyword.getParameter(Keyword.java:44)
	at com.mytravels.keyword.Keyword.getParameter(Keyword.java:44)
	at com.mytravels.keyword.Keyword.getParameter(Keyword.java:44)
	at com.mytravels.keyword.Keyword.getParameter(Keyword.java:44)
	at com.mytravels.keyword.Keyword.getParameter(Keyword.java:44)
	at com.mytravels.keyword.Keyword.getParameter(Keyword.java:44)
	at com.mytravels.keyword.Keyword.getParameter(Keyword.java:44)
	at com.mytravels.keyword.Keyword.getParameter(Keyword.java:44)
	at com.mytravels.keyword.Keyword.getParameter(Keyword.java:44)
	at com.mytravels.keyword.Keyword.getParameter(Keyword.java:44)
	at com.mytravels.keyword.Keyword.getParameter(Keyword.java:44)
	at com.mytravels.keyword.Keyword.getParameter(Keyword.java:44)
	at com.mytravels.keyword.Keyword.getParameter(Keyword.java:44)
	at com.mytravels.keyword.Keyword.getParameter(Keyword.java:44)
	at com.mytravels.keyword.Keyword.getParameter(Keyword.java:44)
	at com.mytravels.keyword.Keyword.getParameter(Keyword.java:44)
	at com.mytravels.keyword.Keyword.getParameter(Keyword.java:44)
	at com.mytravels.keyword.Keyword.getParameter(Keyword.java:44)
	at com.mytravels.keyword.Keyword.getParameter(Keyword.java:44)
	at com.mytravels.keyword.Keyword.getParameter(Keyword.java:44)
	at com.mytravels.keyword.Keyword.getParameter(Keyword.java:44)
	at com.mytravels.keyword.Keyword.getParameter(Keyword.java:44)
	at com.mytravels.keyword.Keyword.getParameter(Keyword.java:44)
	at com.mytravels.keyword.Keyword.getParameter(Keyword.java:44)
	at com.mytravels.keyword.Keyword.getParameter(Keyword.java:44)
	at com.mytravels.keyword.Keyword.getParameter(Keyword.java:44)
	at com.mytravels.keyword.Keyword.getParameter(Keyword.java:44)
	at com.mytravels.keyword.Keyword.getParameter(Keyword.java:44)
	at com.mytravels.keyword.Keyword.getParameter(Keyword.java:44)
	at com.mytravels.keyword.Keyword.getParameter(Keyword.java:44)
	at com.mytravels.keyword.Keyword.getParameter(Keyword.java:44)
	at com.mytravels.keyword.Keyword.getParameter(Keyword.java:44)
	at com.mytravels.keyword.Keyword.getParameter(Keyword.java:44)
	at com.mytravels.keyword.Keyword.getParameter(Keyword.java:44)
	at com.mytravels.keyword.Keyword.getParameter(Keyword.java:44)
	at com.mytravels.keyword.Keyword.getParameter(Keyword.java:44)
	at com.mytravels.keyword.Keyword.getParameter(Keyword.java:44)
	at com.mytravels.keyword.Keyword.getParameter(Keyword.java:44)
	at com.mytravels.keyword.Keyword.getParameter(Keyword.java:44)
	at com.mytravels.keyword.Keyword.getParameter(Keyword.java:44)
	at com.mytravels.keyword.Keyword.getParameter(Keyword.java:44)
	at com.mytravels.keyword.Keyword.getParameter(Keyword.java:44)
	at com.mytravels.keyword.Keyword.getParameter(Keyword.java:44)
	at com.mytravels.keyword.Keyword.getParameter(Keyword.java:44)
	at com.mytravels.keyword.Keyword.getParameter(Keyword.java:44)
	at com.mytravels.keyword.Keyword.getParameter(Keyword.java:44)
	at com.mytravels.keyword.Keyword.getParameter(Keyword.java:44)
	at com.mytravels.keyword.Keyword.getParameter(Keyword.java:44)
	at com.mytravels.keyword.Keyword.getParameter(Keyword.java:44)
	at com.mytravels.keyword.Keyword.getParameter(Keyword.java:44)
	at com.mytravels.keyword.Keyword.getParameter(Keyword.java:44)
	at com.mytravels.keyword.Keyword.getParameter(Keyword.java:44)
	at com.mytravels.keyword.Keyword.getParameter(Keyword.java:44)
	at com.mytravels.keyword.Keyword.getParameter(Keyword.java:44)
	at com.mytravels.keyword.Keyword.getParameter(Keyword.java:44)
	at com.mytravels.keyword.Keyword.getParameter(Keyword.java:44)
	at com.mytravels.keyword.Keyword.getParameter(Keyword.java:44)
	at com.mytravels.keyword.Keyword.getParameter(Keyword.java:44)
	at com.mytravels.keyword.Keyword.getParameter(Keyword.java:44)
	at com.mytravels.keyword.Keyword.getParameter(Keyword.java:44)
	at com.mytravels.keyword.Keyword.getParameter(Keyword.java:44)
	at com.mytravels.keyword.Keyword.getParameter(Keyword.java:44)
	at com.mytravels.keyword.Keyword.getParameter(Keyword.java:44)
	at com.mytravels.keyword.Keyword.getParameter(Keyword.java:44)
	at com.mytravels.keyword.Keyword.getParameter(Keyword.java:44)
	at com.mytravels.keyword.Keyword.getParameter(Keyword.java:44)
	at com.mytravels.keyword.Keyword.getParameter(Keyword.java:44)
	at com.mytravels.keyword.Keyword.getParameter(Keyword.java:44)
	at com.mytravels.keyword.Keyword.getParameter(Keyword.java:44)
	at com.mytravels.keyword.Keyword.getParameter(Keyword.java:44)
	at com.mytravels.keyword.Keyword.getParameter(Keyword.java:44)
	at com.mytravels.keyword.Keyword.getParameter(Keyword.java:44)
	at com.mytravels.keyword.Keyword.getParameter(Keyword.java:44)
	at com.mytravels.keyword.Keyword.getParameter(Keyword.java:44)
	at com.mytravels.keyword.Keyword.getParameter(Keyword.java:44)
	at com.mytravels.keyword.Keyword.getParameter(Keyword.java:44)
	at com.mytravels.keyword.Keyword.getParameter(Keyword.java:44)
	at com.mytravels.keyword.Keyword.getParameter(Keyword.java:44)
	at com.mytravels.keyword.Keyword.getParameter(Keyword.java:44)
	at com.mytravels.keyword.Keyword.getParameter(Keyword.java:44)
	at com.mytravels.keyword.Keyword.getParameter(Keyword.java:44)
	at com.mytravels.keyword.Keyword.getParameter(Keyword.java:44)
	at com.mytravels.keyword.Keyword.getParameter(Keyword.java:44)
	at com.mytravels.keyword.Keyword.getParameter(Keyword.java:44)
	at com.mytravels.keyword.Keyword.getParameter(Keyword.java:44)
	at com.mytravels.keyword.Keyword.getParameter(Keyword.java:44)
	at com.mytravels.keyword.Keyword.getParameter(Keyword.java:44)
	at com.mytravels.keyword.Keyword.getParameter(Keyword.java:44)
	at com.mytravels.keyword.Keyword.getParameter(Keyword.java:44)
	at com.mytravels.keyword.Keyword.getParameter(Keyword.java:44)
	at com.mytravels.keyword.Keyword.getParameter(Keyword.java:44)
	at com.mytravels.keyword.Keyword.getParameter(Keyword.java:44)
	at com.mytravels.keyword.Keyword.getParameter(Keyword.java:44)
	at com.mytravels.keyword.Keyword.getParameter(Keyword.java:44)
	at com.mytravels.keyword.Keyword.getParameter(Keyword.java:44)
	at com.mytravels.keyword.Keyword.getParameter(Keyword.java:44)
	at com.mytravels.keyword.Keyword.getParameter(Keyword.java:44)
	at com.mytravels.keyword.Keyword.getParameter(Keyword.java:44)
	at com.mytravels.keyword.Keyword.getParameter(Keyword.java:44)
	at com.mytravels.keyword.Keyword.getParameter(Keyword.java:44)
	at com.mytravels.keyword.Keyword.getParameter(Keyword.java:44)
	at com.mytravels.keyword.Keyword.getParameter(Keyword.java:44)
	at com.mytravels.keyword.Keyword.getParameter(Keyword.java:44)
	at com.mytravels.keyword.Keyword.getParameter(Keyword.java:44)
	at com.mytravels.keyword.Keyword.getParameter(Keyword.java:44)
	at com.mytravels.keyword.Keyword.getParameter(Keyword.java:44)
	at com.mytravels.keyword.Keyword.getParameter(Keyword.java:44)
	at com.mytravels.keyword.Keyword.getParameter(Keyword.java:44)
	at com.mytravels.keyword.Keyword.getParameter(Keyword.java:44)
	at com.mytravels.keyword.Keyword.getParameter(Keyword.java:44)
	at com.mytravels.keyword.Keyword.getParameter(Keyword.java:44)
	at com.mytravels.keyword.Keyword.getParameter(Keyword.java:44)
	at com.mytravels.keyword.Keyword.getParameter(Keyword.java:44)
	at com.mytravels.keyword.Keyword.getParameter(Keyword.java:44)
	at com.mytravels.keyword.Keyword.getParameter(Keyword.java:44)
	at com.mytravels.keyword.Keyword.getParameter(Keyword.java:44)
	at com.mytravels.keyword.Keyword.getParameter(Keyword.java:44)
	at com.mytravels.keyword.Keyword.getParameter(Keyword.java:44)
	at com.mytravels.keyword.Keyword.getParameter(Keyword.java:44)
	at com.mytravels.keyword.Keyword.getParameter(Keyword.java:44)
	at com.mytravels.keyword.Keyword.getParameter(Keyword.java:44)
	at com.mytravels.keyword.Keyword.getParameter(Keyword.java:44)
	at com.mytravels.keyword.Keyword.getParameter(Keyword.java:44)
	at com.mytravels.keyword.Keyword.getParameter(Keyword.java:44)
	at com.mytravels.keyword.Keyword.getParameter(Keyword.java:44)
	at com.mytravels.keyword.Keyword.getParameter(Keyword.java:44)
	at com.mytravels.keyword.Keyword.getParameter(Keyword.java:44)
	at com.mytravels.keyword.Keyword.getParameter(Keyword.java:44)
	at com.mytravels.keyword.Keyword.getParameter(Keyword.java:44)
	at com.mytravels.keyword.Keyword.getParameter(Keyword.java:44)
	at com.mytravels.keyword.Keyword.getParameter(Keyword.java:44)
	at com.mytravels.keyword.Keyword.getParameter(Keyword.java:44)
	at com.mytravels.keyword.Keyword.getParameter(Keyword.java:44)
	at com.mytravels.keyword.Keyword.getParameter(Keyword.java:44)
	at com.mytravels.keyword.Keyword.getParameter(Keyword.java:44)
	at com.mytravels.keyword.Keyword.getParameter(Keyword.java:44)
	at com.mytravels.keyword.Keyword.getParameter(Keyword.java:44)
	at com.mytravels.keyword.Keyword.getParameter(Keyword.java:44)
	at com.mytravels.keyword.Keyword.getParameter(Keyword.java:44)
	at com.mytravels.keyword.Keyword.getParameter(Keyword.java:44)
	at com.mytravels.keyword.Keyword.getParameter(Keyword.java:44)
	at com.mytravels.keyword.Keyword.getParameter(Keyword.java:44)
	at com.mytravels.keyword.Keyword.getParameter(Keyword.java:44)
	at com.mytravels.keyword.Keyword.getParameter(Keyword.java:44)
	at com.mytravels.keyword.Keyword.getParameter(Keyword.java:44)
	at com.mytravels.keyword.Keyword.getParameter(Keyword.java:44)
	at com.mytravels.keyword.Keyword.getParameter(Keyword.java:44)
	at com.mytravels.keyword.Keyword.getParameter(Keyword.java:44)
	at com.mytravels.keyword.Keyword.getParameter(Keyword.java:44)
	at com.mytravels.keyword.Keyword.getParameter(Keyword.java:44)
	at com.mytravels.keyword.Keyword.getParameter(Keyword.java:44)
	at com.mytravels.keyword.Keyword.getParameter(Keyword.java:44)
	at com.mytravels.keyword.Keyword.getParameter(Keyword.java:44)
	at com.mytravels.keyword.Keyword.getParameter(Keyword.java:44)
	at com.mytravels.keyword.Keyword.getParameter(Keyword.java:44)
	at com.mytravels.keyword.Keyword.getParameter(Keyword.java:44)
	at com.mytravels.keyword.Keyword.getParameter(Keyword.java:44)
	at com.mytravels.keyword.Keyword.getParameter(Keyword.java:44)
	at com.mytravels.keyword.Keyword.getParameter(Keyword.java:44)
	at com.mytravels.keyword.Keyword.getParameter(Keyword.java:44)
	at com.mytravels.keyword.Keyword.getParameter(Keyword.java:44)
	at com.mytravels.keyword.Keyword.getParameter(Keyword.java:44)
	at com.mytravels.keyword.Keyword.getParameter(Keyword.java:44)
	at com.mytravels.keyword.Keyword.getParameter(Keyword.java:44)
	at com.mytravels.keyword.Keyword.getParameter(Keyword.java:44)
	at com.mytravels.keyword.Keyword.getParameter(Keyword.java:44)
	at com.mytravels.keyword.Keyword.getParameter(Keyword.java:44)
	at com.mytravels.keyword.Keyword.getParameter(Keyword.java:44)
	at com.mytravels.keyword.Keyword.getParameter(Keyword.java:44)
	at com.mytravels.keyword.Keyword.getParameter(Keyword.java:44)
	at com.mytravels.keyword.Keyword.getParameter(Keyword.java:44)
	at com.mytravels.keyword.Keyword.getParameter(Keyword.java:44)
	at com.mytravels.keyword.Keyword.getParameter(Keyword.java:44)
	at com.mytravels.keyword.Keyword.getParameter(Keyword.java:44)
	at com.mytravels.keyword.Keyword.getParameter(Keyword.java:44)
	at com.mytravels.keyword.Keyword.getParameter(Keyword.java:44)
	at com.mytravels.keyword.Keyword.getParameter(Keyword.java:44)
	at com.mytravels.keyword.Keyword.getParameter(Keyword.java:44)
	at com.mytravels.keyword.Keyword.getParameter(Keyword.java:44)
	at com.mytravels.keyword.Keyword.getParameter(Keyword.java:44)
	at com.mytravels.keyword.Keyword.getParameter(Keyword.java:44)
	at com.mytravels.keyword.Keyword.getParameter(Keyword.java:44)
	at com.mytravels.keyword.Keyword.getParameter(Keyword.java:44)
	at com.mytravels.keyword.Keyword.getParameter(Keyword.java:44)
	at com.mytravels.keyword.Keyword.getParameter(Keyword.java:44)
	at com.mytravels.keyword.Keyword.getParameter(Keyword.java:44)
	at com.mytravels.keyword.Keyword.getParameter(Keyword.java:44)
	at com.mytravels.keyword.Keyword.getParameter(Keyword.java:44)
	at com.mytravels.keyword.Keyword.getParameter(Keyword.java:44)
	at com.mytravels.keyword.Keyword.getParameter(Keyword.java:44)
	at com.mytravels.keyword.Keyword.getParameter(Keyword.java:44)
	at com.mytravels.keyword.Keyword.getParameter(Keyword.java:44)
	at com.mytravels.keyword.Keyword.getParameter(Keyword.java:44)
	at com.mytravels.keyword.Keyword.getParameter(Keyword.java:44)
	at com.mytravels.keyword.Keyword.getParameter(Keyword.java:44)
	at com.mytravels.keyword.Keyword.getParameter(Keyword.java:44)
	at com.mytravels.keyword.Keyword.getParameter(Keyword.java:44)
	at com.mytravels.keyword.Keyword.getParameter(Keyword.java:44)
	at com.mytravels.keyword.Keyword.getParameter(Keyword.java:44)
	at com.mytravels.keyword.Keyword.getParameter(Keyword.java:44)
	at com.mytravels.keyword.Keyword.getParameter(Keyword.java:44)
]]>
            </full-stacktrace>
          </exception> <!-- java.lang.StackOverflowError -->
          <reporter-output>
          </reporter-output>
        </test-method> <!-- setUp -->
        <test-method status="SKIP" signature="verify_Homepage_Title()[pri:0, instance:com.mytravels.pagetest.HomepagePageTest@458c1321]" name="verify_Homepage_Title" duration-ms="5" started-at="2020-06-24T18:34:58Z" description="To verify title of homepage" finished-at="2020-06-24T18:34:58Z">
          <reporter-output>
          </reporter-output>
        </test-method> <!-- verify_Homepage_Title -->
        <test-method status="SKIP" signature="tearDown(org.testng.ITestResult)[pri:0, instance:com.mytravels.pagetest.HomepagePageTest@458c1321]" name="tearDown" is-config="true" duration-ms="0" started-at="2020-06-24T18:34:58Z" finished-at="2020-06-24T18:34:58Z">
          <reporter-output>
          </reporter-output>
        </test-method> <!-- tearDown -->
      </class> <!-- com.mytravels.pagetest.HomepagePageTest -->
    </test> <!-- Default test -->
  </suite> <!-- Default suite -->
</testng-results>
