<?xml version="1.0" encoding="UTF-8"?>
<!-- Generated by org.testng.reporters.JUnitXMLReporter -->
<testsuite hostname="DESKTOP-HT38EU9" name="Homepage" tests="1" failures="1" timestamp="28 Jun 2020 15:30:38 GMT" time="14.657" errors="0">
  <testcase name="verify_Homepage_Title" time="0.027" classname="com.mytravels.pagetest.HomepagePageTest">
    <failure type="java.lang.AssertionError" message="Homepage Title not matched!! expected [My Travels Time - CRM0] but found [My Travels Time - CRM]">
      <![CDATA[java.lang.AssertionError: Homepage Title not matched!! expected [My Travels Time - CRM0] but found [My Travels Time - CRM]
	at com.mytravels.pagetest.HomepagePageTest.verify_Homepage_Title(HomepagePageTest.java:31)
... Removed 30 stack frames]]>
    </failure>
  </testcase> <!-- verify_Homepage_Title -->
</testsuite> <!-- Homepage -->
