<?xml version="1.0" encoding="UTF-8"?>
<!-- Generated by org.testng.reporters.JUnitXMLReporter -->
<testsuite hostname="DESKTOP-HT38EU9" name="My Travels Time Test Cases" tests="2" failures="0" timestamp="28 Jun 2020 15:09:35 GMT" time="37.753" errors="0">
  <testcase name="verify_loginpage_Title" time="3.324" classname="com.mytravels.pagetest.LoginPageTest"/>
  <testcase name="verify_successful_login" time="6.313" classname="com.mytravels.pagetest.LoginPageTest"/>
</testsuite> <!-- My Travels Time Test Cases -->
