<?xml version="1.0" encoding="UTF-8"?>
<!-- Generated by org.testng.reporters.JUnitXMLReporter -->
<testsuite hostname="DESKTOP-HT38EU9" name="My Travels Time Tests" tests="3" failures="1" timestamp="29 Jun 2020 09:05:14 GMT" time="55.234" errors="0">
  <testcase name="verify_Homepage_Title" time="0.034" classname="com.mytravels.pagetest.HomepagePageTest">
    <failure type="java.lang.AssertionError" message="Homepage Title not matched!! expected [My Travels Time - CRM2] but found [My Travels Time - CRM]">
      <![CDATA[java.lang.AssertionError: Homepage Title not matched!! expected [My Travels Time - CRM2] but found [My Travels Time - CRM]
	at com.mytravels.pagetest.HomepagePageTest.verify_Homepage_Title(HomepagePageTest.java:49)
... Removed 30 stack frames]]>
    </failure>
  </testcase> <!-- verify_Homepage_Title -->
  <testcase name="verify_loginpage_Title" time="2.972" classname="com.mytravels.pagetest.LoginPageTest"/>
  <testcase name="verify_successful_login" time="7.823" classname="com.mytravels.pagetest.LoginPageTest"/>
</testsuite> <!-- My Travels Time Tests -->
