<?xml version="1.0" encoding="UTF-8"?>
<!-- Generated by org.testng.reporters.JUnitXMLReporter -->
<testsuite ignored="0" hostname="DESKTOP-9RKLVC8" failures="0" tests="2" name="My Travels Time Test Cases" time="55.208" errors="0" timestamp="2020-06-28T10:17:31 IST">
  <testcase classname="com.mytravels.pagetest.LoginPageTest" name="verify_loginpage_Title" time="7.178"/>
  <testcase classname="com.mytravels.pagetest.LoginPageTest" name="verify_successful_login" time="27.383"/>
</testsuite> <!-- My Travels Time Test Cases -->
